Flow report for FIFO
Wed Jan 25 22:34:31 2023
Quartus Prime Version 17.0.0 Build 595 04/25/2017 SJ Lite Edition


---------------------
; Table of Contents ;
---------------------
  1. Legal Notice
  2. Flow Summary
  3. Flow Settings
  4. Flow Non-Default Global Settings
  5. Flow Elapsed Time
  6. Flow OS Summary
  7. Flow Log
  8. Flow Messages
  9. Flow Suppressed Messages



----------------
; Legal Notice ;
----------------
Copyright (C) 2017  Intel Corporation. All rights reserved.
Your use of Intel Corporation's design tools, logic functions 
and other software and tools, and its AMPP partner logic 
functions, and any output files from any of the foregoing 
(including device programming or simulation files), and any 
associated documentation or information are expressly subject 
to the terms and conditions of the Intel Program License 
Subscription Agreement, the Intel Quartus Prime License Agreement,
the Intel MegaCore Function License Agreement, or other 
applicable license agreement, including, without limitation, 
that your use is for the sole purpose of programming logic 
devices manufactured by Intel and sold by Intel or its 
authorized distributors.  Please refer to the applicable 
agreement for further details.



+-------------------------------------------------------------------------------+
; Flow Summary                                                                  ;
+---------------------------------+---------------------------------------------+
; Flow Status                     ; Successful - Wed Jan 25 22:34:31 2023       ;
; Quartus Prime Version           ; 17.0.0 Build 595 04/25/2017 SJ Lite Edition ;
; Revision Name                   ; FIFO                                        ;
; Top-level Entity Name           ; DE1_SoC_task3                               ;
; Family                          ; Cyclone V                                   ;
; Device                          ; 5CSEMA5F31C6                                ;
; Timing Models                   ; Final                                       ;
; Logic utilization (in ALMs)     ; 48 / 32,070 ( < 1 % )                       ;
; Total registers                 ; 73                                          ;
; Total pins                      ; 67 / 457 ( 15 % )                           ;
; Total virtual pins              ; 0                                           ;
; Total block memory bits         ; 128 / 4,065,280 ( < 1 % )                   ;
; Total DSP Blocks                ; 0 / 87 ( 0 % )                              ;
; Total HSSI RX PCSs              ; 0                                           ;
; Total HSSI PMA RX Deserializers ; 0                                           ;
; Total HSSI TX PCSs              ; 0                                           ;
; Total HSSI PMA TX Serializers   ; 0                                           ;
; Total PLLs                      ; 0 / 6 ( 0 % )                               ;
; Total DLLs                      ; 0 / 4 ( 0 % )                               ;
+---------------------------------+---------------------------------------------+


+-----------------------------------------+
; Flow Settings                           ;
+-------------------+---------------------+
; Option            ; Setting             ;
+-------------------+---------------------+
; Start date & time ; 01/25/2023 22:33:07 ;
; Main task         ; Compilation         ;
; Revision Name     ; FIFO                ;
+-------------------+---------------------+


+-------------------------------------------------------------------------------------------------------------------------------+
; Flow Non-Default Global Settings                                                                                              ;
+-------------------------------------+----------------------------------------+---------------+---------------+----------------+
; Assignment Name                     ; Value                                  ; Default Value ; Entity Name   ; Section Id     ;
+-------------------------------------+----------------------------------------+---------------+---------------+----------------+
; COMPILER_SIGNATURE_ID               ; 4681964221271.167471478630656          ; --            ; --            ; --             ;
; EDA_OUTPUT_DATA_FORMAT              ; Systemverilog Hdl                      ; --            ; --            ; eda_simulation ;
; EDA_SIMULATION_TOOL                 ; ModelSim-Altera (SystemVerilog)        ; <None>        ; --            ; --             ;
; EDA_TIME_SCALE                      ; 1 ps                                   ; --            ; --            ; eda_simulation ;
; MAX_CORE_JUNCTION_TEMP              ; 85                                     ; --            ; --            ; --             ;
; MIN_CORE_JUNCTION_TEMP              ; 0                                      ; --            ; --            ; --             ;
; MISC_FILE                           ; ram16x8_bb.v                           ; --            ; --            ; --             ;
; PARTITION_COLOR                     ; -- (Not supported for targeted family) ; --            ; DE1_SoC_task3 ; Top            ;
; PARTITION_FITTER_PRESERVATION_LEVEL ; -- (Not supported for targeted family) ; --            ; DE1_SoC_task3 ; Top            ;
; PARTITION_NETLIST_TYPE              ; -- (Not supported for targeted family) ; --            ; DE1_SoC_task3 ; Top            ;
; POWER_BOARD_THERMAL_MODEL           ; None (CONSERVATIVE)                    ; --            ; --            ; --             ;
; POWER_PRESET_COOLING_SOLUTION       ; 23 MM HEAT SINK WITH 200 LFPM AIRFLOW  ; --            ; --            ; --             ;
; PROJECT_OUTPUT_DIRECTORY            ; output_files                           ; --            ; --            ; --             ;
; TOP_LEVEL_ENTITY                    ; DE1_SoC_task3                          ; FIFO          ; --            ; --             ;
+-------------------------------------+----------------------------------------+---------------+---------------+----------------+


+-------------------------------------------------------------------------------------------------------------------------------+
; Flow Elapsed Time                                                                                                             ;
+---------------------------+--------------+-------------------------+---------------------+------------------------------------+
; Module Name               ; Elapsed Time ; Average Processors Used ; Peak Virtual Memory ; Total CPU Time (on all processors) ;
+---------------------------+--------------+-------------------------+---------------------+------------------------------------+
; Analysis & Synthesis      ; 00:00:11     ; 1.0                     ; 4905 MB             ; 00:00:07                           ;
; Fitter                    ; 00:00:50     ; 1.0                     ; 7994 MB             ; 00:01:10                           ;
; Assembler                 ; 00:00:10     ; 1.0                     ; 4833 MB             ; 00:00:03                           ;
; TimeQuest Timing Analyzer ; 00:00:07     ; 1.2                     ; 5307 MB             ; 00:00:03                           ;
; EDA Netlist Writer        ; 00:00:02     ; 1.0                     ; 4743 MB             ; 00:00:01                           ;
; Total                     ; 00:01:20     ; --                      ; --                  ; 00:01:24                           ;
+---------------------------+--------------+-------------------------+---------------------+------------------------------------+


+-----------------------------------------------------------------------------------------+
; Flow OS Summary                                                                         ;
+---------------------------+------------------+------------+------------+----------------+
; Module Name               ; Machine Hostname ; OS Name    ; OS Version ; Processor type ;
+---------------------------+------------------+------------+------------+----------------+
; Analysis & Synthesis      ; LAPTOP-UQ92NDUG  ; Windows 10 ; 10.0       ; x86_64         ;
; Fitter                    ; LAPTOP-UQ92NDUG  ; Windows 10 ; 10.0       ; x86_64         ;
; Assembler                 ; LAPTOP-UQ92NDUG  ; Windows 10 ; 10.0       ; x86_64         ;
; TimeQuest Timing Analyzer ; LAPTOP-UQ92NDUG  ; Windows 10 ; 10.0       ; x86_64         ;
; EDA Netlist Writer        ; LAPTOP-UQ92NDUG  ; Windows 10 ; 10.0       ; x86_64         ;
+---------------------------+------------------+------------+------------+----------------+


------------
; Flow Log ;
------------
quartus_map --read_settings_files=on --write_settings_files=off FIFO -c FIFO
quartus_fit --read_settings_files=off --write_settings_files=off FIFO -c FIFO
quartus_asm --read_settings_files=off --write_settings_files=off FIFO -c FIFO
quartus_sta FIFO -c FIFO
quartus_eda --read_settings_files=off --write_settings_files=off FIFO -c FIFO



