Analysis & Synthesis report for DE1_SoC
Mon Feb 06 18:16:41 2023
Quartus Prime Version 17.0.0 Build 595 04/25/2017 SJ Lite Edition


---------------------
; Table of Contents ;
---------------------
  1. Legal Notice
  2. Analysis & Synthesis Summary
  3. Analysis & Synthesis Settings
  4. Parallel Compilation
  5. Analysis & Synthesis Source Files Read
  6. Analysis & Synthesis Resource Usage Summary
  7. Analysis & Synthesis Resource Utilization by Entity
  8. Analysis & Synthesis RAM Summary
  9. Registers Removed During Synthesis
 10. Removed Registers Triggering Further Register Optimizations
 11. General Register Statistics
 12. Registers Packed Into Inferred Megafunctions
 13. Multiplexer Restructuring Statistics (Restructuring Performed)
 14. Source assignments for VGA_framebuffer:fb|altsyncram:buffer_rtl_0|altsyncram_0cq1:auto_generated
 15. Parameter Settings for Inferred Entity Instance: VGA_framebuffer:fb|altsyncram:buffer_rtl_0
 16. altsyncram Parameter Settings by Entity Instance
 17. Port Connectivity Checks: "VGA_framebuffer:fb"
 18. Post-Synthesis Netlist Statistics for Top Partition
 19. Elapsed Time Per Partition
 20. Analysis & Synthesis Messages



----------------
; Legal Notice ;
----------------
Copyright (C) 2017  Intel Corporation. All rights reserved.
Your use of Intel Corporation's design tools, logic functions 
and other software and tools, and its AMPP partner logic 
functions, and any output files from any of the foregoing 
(including device programming or simulation files), and any 
associated documentation or information are expressly subject 
to the terms and conditions of the Intel Program License 
Subscription Agreement, the Intel Quartus Prime License Agreement,
the Intel MegaCore Function License Agreement, or other 
applicable license agreement, including, without limitation, 
that your use is for the sole purpose of programming logic 
devices manufactured by Intel and sold by Intel or its 
authorized distributors.  Please refer to the applicable 
agreement for further details.



+-------------------------------------------------------------------------------+
; Analysis & Synthesis Summary                                                  ;
+---------------------------------+---------------------------------------------+
; Analysis & Synthesis Status     ; Successful - Mon Feb 06 18:16:41 2023       ;
; Quartus Prime Version           ; 17.0.0 Build 595 04/25/2017 SJ Lite Edition ;
; Revision Name                   ; DE1_SoC                                     ;
; Top-level Entity Name           ; DE1_SoC                                     ;
; Family                          ; Cyclone V                                   ;
; Logic utilization (in ALMs)     ; N/A                                         ;
; Total registers                 ; 194                                         ;
; Total pins                      ; 96                                          ;
; Total virtual pins              ; 0                                           ;
; Total block memory bits         ; 614,400                                     ;
; Total DSP Blocks                ; 0                                           ;
; Total HSSI RX PCSs              ; 0                                           ;
; Total HSSI PMA RX Deserializers ; 0                                           ;
; Total HSSI TX PCSs              ; 0                                           ;
; Total HSSI PMA TX Serializers   ; 0                                           ;
; Total PLLs                      ; 0                                           ;
; Total DLLs                      ; 0                                           ;
+---------------------------------+---------------------------------------------+


+---------------------------------------------------------------------------------------------------------------------------+
; Analysis & Synthesis Settings                                                                                             ;
+---------------------------------------------------------------------------------+--------------------+--------------------+
; Option                                                                          ; Setting            ; Default Value      ;
+---------------------------------------------------------------------------------+--------------------+--------------------+
; Device                                                                          ; 5CGXFC7C7F23C8     ;                    ;
; Top-level entity name                                                           ; DE1_SoC            ; DE1_SoC            ;
; Family name                                                                     ; Cyclone V          ; Cyclone V          ;
; Use smart compilation                                                           ; Off                ; Off                ;
; Enable parallel Assembler and TimeQuest Timing Analyzer during compilation      ; On                 ; On                 ;
; Enable compact report table                                                     ; Off                ; Off                ;
; Restructure Multiplexers                                                        ; Auto               ; Auto               ;
; MLAB Add Timing Constraints For Mixed-Port Feed-Through Mode Setting Don't Care ; Off                ; Off                ;
; Create Debugging Nodes for IP Cores                                             ; Off                ; Off                ;
; Preserve fewer node names                                                       ; On                 ; On                 ;
; OpenCore Plus hardware evaluation                                               ; Enable             ; Enable             ;
; Verilog Version                                                                 ; Verilog_2001       ; Verilog_2001       ;
; VHDL Version                                                                    ; VHDL_1993          ; VHDL_1993          ;
; State Machine Processing                                                        ; Auto               ; Auto               ;
; Safe State Machine                                                              ; Off                ; Off                ;
; Extract Verilog State Machines                                                  ; On                 ; On                 ;
; Extract VHDL State Machines                                                     ; On                 ; On                 ;
; Ignore Verilog initial constructs                                               ; Off                ; Off                ;
; Iteration limit for constant Verilog loops                                      ; 5000               ; 5000               ;
; Iteration limit for non-constant Verilog loops                                  ; 250                ; 250                ;
; Add Pass-Through Logic to Inferred RAMs                                         ; On                 ; On                 ;
; Infer RAMs from Raw Logic                                                       ; On                 ; On                 ;
; Parallel Synthesis                                                              ; On                 ; On                 ;
; DSP Block Balancing                                                             ; Auto               ; Auto               ;
; NOT Gate Push-Back                                                              ; On                 ; On                 ;
; Power-Up Don't Care                                                             ; On                 ; On                 ;
; Remove Redundant Logic Cells                                                    ; Off                ; Off                ;
; Remove Duplicate Registers                                                      ; On                 ; On                 ;
; Ignore CARRY Buffers                                                            ; Off                ; Off                ;
; Ignore CASCADE Buffers                                                          ; Off                ; Off                ;
; Ignore GLOBAL Buffers                                                           ; Off                ; Off                ;
; Ignore ROW GLOBAL Buffers                                                       ; Off                ; Off                ;
; Ignore LCELL Buffers                                                            ; Off                ; Off                ;
; Ignore SOFT Buffers                                                             ; On                 ; On                 ;
; Limit AHDL Integers to 32 Bits                                                  ; Off                ; Off                ;
; Optimization Technique                                                          ; Balanced           ; Balanced           ;
; Carry Chain Length                                                              ; 70                 ; 70                 ;
; Auto Carry Chains                                                               ; On                 ; On                 ;
; Auto Open-Drain Pins                                                            ; On                 ; On                 ;
; Perform WYSIWYG Primitive Resynthesis                                           ; Off                ; Off                ;
; Auto ROM Replacement                                                            ; On                 ; On                 ;
; Auto RAM Replacement                                                            ; On                 ; On                 ;
; Auto DSP Block Replacement                                                      ; On                 ; On                 ;
; Auto Shift Register Replacement                                                 ; Auto               ; Auto               ;
; Allow Shift Register Merging across Hierarchies                                 ; Auto               ; Auto               ;
; Auto Clock Enable Replacement                                                   ; On                 ; On                 ;
; Strict RAM Replacement                                                          ; Off                ; Off                ;
; Allow Synchronous Control Signals                                               ; On                 ; On                 ;
; Force Use of Synchronous Clear Signals                                          ; Off                ; Off                ;
; Auto Resource Sharing                                                           ; Off                ; Off                ;
; Allow Any RAM Size For Recognition                                              ; Off                ; Off                ;
; Allow Any ROM Size For Recognition                                              ; Off                ; Off                ;
; Allow Any Shift Register Size For Recognition                                   ; Off                ; Off                ;
; Use LogicLock Constraints during Resource Balancing                             ; On                 ; On                 ;
; Ignore translate_off and synthesis_off directives                               ; Off                ; Off                ;
; Timing-Driven Synthesis                                                         ; On                 ; On                 ;
; Report Parameter Settings                                                       ; On                 ; On                 ;
; Report Source Assignments                                                       ; On                 ; On                 ;
; Report Connectivity Checks                                                      ; On                 ; On                 ;
; Ignore Maximum Fan-Out Assignments                                              ; Off                ; Off                ;
; Synchronization Register Chain Length                                           ; 3                  ; 3                  ;
; PowerPlay Power Optimization During Synthesis                                   ; Normal compilation ; Normal compilation ;
; HDL message level                                                               ; Level2             ; Level2             ;
; Suppress Register Optimization Related Messages                                 ; Off                ; Off                ;
; Number of Removed Registers Reported in Synthesis Report                        ; 5000               ; 5000               ;
; Number of Swept Nodes Reported in Synthesis Report                              ; 5000               ; 5000               ;
; Number of Inverted Registers Reported in Synthesis Report                       ; 100                ; 100                ;
; Clock MUX Protection                                                            ; On                 ; On                 ;
; Auto Gated Clock Conversion                                                     ; Off                ; Off                ;
; Block Design Naming                                                             ; Auto               ; Auto               ;
; SDC constraint protection                                                       ; Off                ; Off                ;
; Synthesis Effort                                                                ; Auto               ; Auto               ;
; Shift Register Replacement - Allow Asynchronous Clear Signal                    ; On                 ; On                 ;
; Pre-Mapping Resynthesis Optimization                                            ; Off                ; Off                ;
; Analysis & Synthesis Message Level                                              ; Medium             ; Medium             ;
; Disable Register Merging Across Hierarchies                                     ; Auto               ; Auto               ;
; Resource Aware Inference For Block RAM                                          ; On                 ; On                 ;
; Automatic Parallel Synthesis                                                    ; On                 ; On                 ;
; Partial Reconfiguration Bitstream ID                                            ; Off                ; Off                ;
+---------------------------------------------------------------------------------+--------------------+--------------------+


+------------------------------------------+
; Parallel Compilation                     ;
+----------------------------+-------------+
; Processors                 ; Number      ;
+----------------------------+-------------+
; Number detected on machine ; 16          ;
; Maximum allowed            ; 16          ;
;                            ;             ;
; Average used               ; 1.00        ;
; Maximum used               ; 16          ;
;                            ;             ;
; Usage by Processor         ; % Time Used ;
;     Processor 1            ; 100.0%      ;
;     Processor 2            ;   0.0%      ;
;     Processor 3            ;   0.0%      ;
;     Processor 4            ;   0.0%      ;
;     Processor 5            ;   0.0%      ;
;     Processor 6            ;   0.0%      ;
;     Processor 7            ;   0.0%      ;
;     Processor 8            ;   0.0%      ;
;     Processors 9-16        ;   0.0%      ;
+----------------------------+-------------+


+------------------------------------------------------------------------------------------------------------------------------------------------------------------------------------------+
; Analysis & Synthesis Source Files Read                                                                                                                                                   ;
+----------------------------------+-----------------+------------------------------+--------------------------------------------------------------------------------------------+---------+
; File Name with User-Entered Path ; Used in Netlist ; File Type                    ; File Name with Absolute Path                                                               ; Library ;
+----------------------------------+-----------------+------------------------------+--------------------------------------------------------------------------------------------+---------+
; VGA_framebuffer.sv               ; yes             ; User SystemVerilog HDL File  ; C:/Users/egeen/Desktop/School/EE 371/Labs/Lab 3/Task 2/Lab3template/VGA_framebuffer.sv     ;         ;
; line_drawer.sv                   ; yes             ; User SystemVerilog HDL File  ; C:/Users/egeen/Desktop/School/EE 371/Labs/Lab 3/Task 2/Lab3template/line_drawer.sv         ;         ;
; DE1_SoC.sv                       ; yes             ; User SystemVerilog HDL File  ; C:/Users/egeen/Desktop/School/EE 371/Labs/Lab 3/Task 2/Lab3template/DE1_SoC.sv             ;         ;
; input_processor.sv               ; yes             ; User SystemVerilog HDL File  ; C:/Users/egeen/Desktop/School/EE 371/Labs/Lab 3/Task 2/Lab3template/input_processor.sv     ;         ;
; clear_screen.sv                  ; yes             ; User SystemVerilog HDL File  ; C:/Users/egeen/Desktop/School/EE 371/Labs/Lab 3/Task 2/Lab3template/clear_screen.sv        ;         ;
; altsyncram.tdf                   ; yes             ; Megafunction                 ; c:/intelfpga_lite/17.0/quartus/libraries/megafunctions/altsyncram.tdf                      ;         ;
; stratix_ram_block.inc            ; yes             ; Megafunction                 ; c:/intelfpga_lite/17.0/quartus/libraries/megafunctions/stratix_ram_block.inc               ;         ;
; lpm_mux.inc                      ; yes             ; Megafunction                 ; c:/intelfpga_lite/17.0/quartus/libraries/megafunctions/lpm_mux.inc                         ;         ;
; lpm_decode.inc                   ; yes             ; Megafunction                 ; c:/intelfpga_lite/17.0/quartus/libraries/megafunctions/lpm_decode.inc                      ;         ;
; aglobal170.inc                   ; yes             ; Megafunction                 ; c:/intelfpga_lite/17.0/quartus/libraries/megafunctions/aglobal170.inc                      ;         ;
; a_rdenreg.inc                    ; yes             ; Megafunction                 ; c:/intelfpga_lite/17.0/quartus/libraries/megafunctions/a_rdenreg.inc                       ;         ;
; altrom.inc                       ; yes             ; Megafunction                 ; c:/intelfpga_lite/17.0/quartus/libraries/megafunctions/altrom.inc                          ;         ;
; altram.inc                       ; yes             ; Megafunction                 ; c:/intelfpga_lite/17.0/quartus/libraries/megafunctions/altram.inc                          ;         ;
; altdpram.inc                     ; yes             ; Megafunction                 ; c:/intelfpga_lite/17.0/quartus/libraries/megafunctions/altdpram.inc                        ;         ;
; db/altsyncram_0cq1.tdf           ; yes             ; Auto-Generated Megafunction  ; C:/Users/egeen/Desktop/School/EE 371/Labs/Lab 3/Task 2/Lab3template/db/altsyncram_0cq1.tdf ;         ;
; db/decode_5na.tdf                ; yes             ; Auto-Generated Megafunction  ; C:/Users/egeen/Desktop/School/EE 371/Labs/Lab 3/Task 2/Lab3template/db/decode_5na.tdf      ;         ;
; db/mux_ehb.tdf                   ; yes             ; Auto-Generated Megafunction  ; C:/Users/egeen/Desktop/School/EE 371/Labs/Lab 3/Task 2/Lab3template/db/mux_ehb.tdf         ;         ;
+----------------------------------+-----------------+------------------------------+--------------------------------------------------------------------------------------------+---------+


+--------------------------------------------------------------+
; Analysis & Synthesis Resource Usage Summary                  ;
+---------------------------------------------+----------------+
; Resource                                    ; Usage          ;
+---------------------------------------------+----------------+
; Estimate of Logic utilization (ALMs needed) ; 492            ;
;                                             ;                ;
; Combinational ALUT usage for logic          ; 750            ;
;     -- 7 input functions                    ; 11             ;
;     -- 6 input functions                    ; 222            ;
;     -- 5 input functions                    ; 160            ;
;     -- 4 input functions                    ; 61             ;
;     -- <=3 input functions                  ; 296            ;
;                                             ;                ;
; Dedicated logic registers                   ; 194            ;
;                                             ;                ;
; I/O pins                                    ; 96             ;
; Total MLAB memory bits                      ; 0              ;
; Total block memory bits                     ; 614400         ;
;                                             ;                ;
; Total DSP Blocks                            ; 0              ;
;                                             ;                ;
; Maximum fan-out node                        ; CLOCK_50~input ;
; Maximum fan-out                             ; 269            ;
; Total fan-out                               ; 6228           ;
; Average fan-out                             ; 5.14           ;
+---------------------------------------------+----------------+


+---------------------------------------------------------------------------------------------------------------------------------------------------------------------------------------------------------------------------------------------------------------------------------------------+
; Analysis & Synthesis Resource Utilization by Entity                                                                                                                                                                                                                                         ;
+-------------------------------------------+---------------------+---------------------------+-------------------+------------+------+--------------+-------------------------------------------------------------------------------------------------------+-----------------+--------------+
; Compilation Hierarchy Node                ; Combinational ALUTs ; Dedicated Logic Registers ; Block Memory Bits ; DSP Blocks ; Pins ; Virtual Pins ; Full Hierarchy Name                                                                                   ; Entity Name     ; Library Name ;
+-------------------------------------------+---------------------+---------------------------+-------------------+------------+------+--------------+-------------------------------------------------------------------------------------------------------+-----------------+--------------+
; |DE1_SoC                                  ; 750 (128)           ; 194 (86)                  ; 614400            ; 0          ; 96   ; 0            ; |DE1_SoC                                                                                              ; DE1_SoC         ; work         ;
;    |VGA_framebuffer:fb|                   ; 182 (66)            ; 29 (22)                   ; 614400            ; 0          ; 0    ; 0            ; |DE1_SoC|VGA_framebuffer:fb                                                                           ; VGA_framebuffer ; work         ;
;       |altsyncram:buffer_rtl_0|           ; 116 (0)             ; 7 (0)                     ; 614400            ; 0          ; 0    ; 0            ; |DE1_SoC|VGA_framebuffer:fb|altsyncram:buffer_rtl_0                                                   ; altsyncram      ; work         ;
;          |altsyncram_0cq1:auto_generated| ; 116 (0)             ; 7 (7)                     ; 614400            ; 0          ; 0    ; 0            ; |DE1_SoC|VGA_framebuffer:fb|altsyncram:buffer_rtl_0|altsyncram_0cq1:auto_generated                    ; altsyncram_0cq1 ; work         ;
;             |decode_5na:decode2|          ; 90 (90)             ; 0 (0)                     ; 0                 ; 0          ; 0    ; 0            ; |DE1_SoC|VGA_framebuffer:fb|altsyncram:buffer_rtl_0|altsyncram_0cq1:auto_generated|decode_5na:decode2 ; decode_5na      ; work         ;
;             |mux_ehb:mux3|                ; 26 (26)             ; 0 (0)                     ; 0                 ; 0          ; 0    ; 0            ; |DE1_SoC|VGA_framebuffer:fb|altsyncram:buffer_rtl_0|altsyncram_0cq1:auto_generated|mux_ehb:mux3       ; mux_ehb         ; work         ;
;    |clear_screen:clearer|                 ; 58 (58)             ; 45 (45)                   ; 0                 ; 0          ; 0    ; 0            ; |DE1_SoC|clear_screen:clearer                                                                         ; clear_screen    ; work         ;
;    |input_processor:ip1|                  ; 2 (2)               ; 3 (3)                     ; 0                 ; 0          ; 0    ; 0            ; |DE1_SoC|input_processor:ip1                                                                          ; input_processor ; work         ;
;    |line_drawer:lines|                    ; 380 (380)           ; 31 (31)                   ; 0                 ; 0          ; 0    ; 0            ; |DE1_SoC|line_drawer:lines                                                                            ; line_drawer     ; work         ;
+-------------------------------------------+---------------------+---------------------------+-------------------+------------+------+--------------+-------------------------------------------------------------------------------------------------------+-----------------+--------------+
Note: For table entries with two numbers listed, the numbers in parentheses indicate the number of resources of the given type used by the specific entity alone. The numbers listed outside of parentheses indicate the total resources of the given type used by the specific entity and all of its sub-entities in the hierarchy.


+--------------------------------------------------------------------------------------------------------------------------------------------------------------------------------------------+
; Analysis & Synthesis RAM Summary                                                                                                                                                           ;
+--------------------------------------------------------------------------------------+------+------------------+--------------+--------------+--------------+--------------+--------+------+
; Name                                                                                 ; Type ; Mode             ; Port A Depth ; Port A Width ; Port B Depth ; Port B Width ; Size   ; MIF  ;
+--------------------------------------------------------------------------------------+------+------------------+--------------+--------------+--------------+--------------+--------+------+
; VGA_framebuffer:fb|altsyncram:buffer_rtl_0|altsyncram_0cq1:auto_generated|ALTSYNCRAM ; AUTO ; Simple Dual Port ; 614400       ; 1            ; 614400       ; 1            ; 614400 ; None ;
+--------------------------------------------------------------------------------------+------+------------------+--------------+--------------+--------------+--------------+--------+------+


+---------------------------------------------------------------------------------+
; Registers Removed During Synthesis                                              ;
+----------------------------------------+----------------------------------------+
; Register name                          ; Reason for Removal                     ;
+----------------------------------------+----------------------------------------+
; input_processor:ip1|ps[1..31]          ; Stuck at GND due to stuck port data_in ;
; VGA_framebuffer:fb|front_odd           ; Lost fanout                            ;
; x1[1]                                  ; Merged with y1[1]                      ;
; y0[1]                                  ; Merged with y1[1]                      ;
; x0[1]                                  ; Merged with y1[1]                      ;
; x0[9]                                  ; Merged with y1[0]                      ;
; x1[0]                                  ; Merged with y1[0]                      ;
; y0[0]                                  ; Merged with y1[0]                      ;
; x1[9]                                  ; Merged with y1[0]                      ;
; x0[0]                                  ; Merged with y1[0]                      ;
; y1[3,4]                                ; Merged with y1[2]                      ;
; x1[7]                                  ; Merged with y1[6]                      ;
; y0[3,4]                                ; Merged with y0[2]                      ;
; x0[7]                                  ; Merged with y0[6]                      ;
; x1[4]                                  ; Merged with x1[3]                      ;
; x0[4]                                  ; Merged with x0[3]                      ;
; y1[1]                                  ; Stuck at GND due to stuck port data_in ;
; Total Number of Removed Registers = 49 ;                                        ;
+----------------------------------------+----------------------------------------+


+------------------------------------------------------------------------------------------------+
; Removed Registers Triggering Further Register Optimizations                                    ;
+---------------------------+---------------------------+----------------------------------------+
; Register name             ; Reason for Removal        ; Registers Removed due to This Register ;
+---------------------------+---------------------------+----------------------------------------+
; input_processor:ip1|ps[3] ; Stuck at GND              ; y1[1]                                  ;
;                           ; due to stuck port data_in ;                                        ;
+---------------------------+---------------------------+----------------------------------------+


+------------------------------------------------------+
; General Register Statistics                          ;
+----------------------------------------------+-------+
; Statistic                                    ; Value ;
+----------------------------------------------+-------+
; Total registers                              ; 194   ;
; Number of registers using Synchronous Clear  ; 140   ;
; Number of registers using Synchronous Load   ; 0     ;
; Number of registers using Asynchronous Clear ; 0     ;
; Number of registers using Asynchronous Load  ; 0     ;
; Number of registers using Clock Enable       ; 174   ;
; Number of registers using Preset             ; 0     ;
+----------------------------------------------+-------+


+---------------------------------------------------------------------+
; Registers Packed Into Inferred Megafunctions                        ;
+----------------------------+---------------------------------+------+
; Register Name              ; Megafunction                    ; Type ;
+----------------------------+---------------------------------+------+
; VGA_framebuffer:fb|rd_data ; VGA_framebuffer:fb|buffer_rtl_0 ; RAM  ;
+----------------------------+---------------------------------+------+


+-------------------------------------------------------------------------------------------------------------------------------------------------------+
; Multiplexer Restructuring Statistics (Restructuring Performed)                                                                                        ;
+--------------------+-----------+---------------+----------------------+------------------------+------------+-----------------------------------------+
; Multiplexer Inputs ; Bus Width ; Baseline Area ; Area if Restructured ; Saving if Restructured ; Registered ; Example Multiplexer Output              ;
+--------------------+-----------+---------------+----------------------+------------------------+------------+-----------------------------------------+
; 3:1                ; 10 bits   ; 20 LEs        ; 0 LEs                ; 20 LEs                 ; Yes        ; |DE1_SoC|clear_screen:clearer|x[5]      ;
; 3:1                ; 8 bits    ; 16 LEs        ; 8 LEs                ; 8 LEs                  ; Yes        ; |DE1_SoC|y1[5]                          ;
; 3:1                ; 12 bits   ; 24 LEs        ; 0 LEs                ; 24 LEs                 ; Yes        ; |DE1_SoC|x0[8]                          ;
; 3:1                ; 32 bits   ; 64 LEs        ; 0 LEs                ; 64 LEs                 ; Yes        ; |DE1_SoC|clear_screen:clearer|count[22] ;
; 4:1                ; 10 bits   ; 20 LEs        ; 20 LEs               ; 0 LEs                  ; Yes        ; |DE1_SoC|line_drawer:lines|x[6]         ;
; 4:1                ; 8 bits    ; 16 LEs        ; 16 LEs               ; 0 LEs                  ; Yes        ; |DE1_SoC|line_drawer:lines|y[0]         ;
; 4:1                ; 32 bits   ; 64 LEs        ; 0 LEs                ; 64 LEs                 ; Yes        ; |DE1_SoC|index[18]                      ;
; 5:1                ; 32 bits   ; 96 LEs        ; 0 LEs                ; 96 LEs                 ; Yes        ; |DE1_SoC|count[20]                      ;
; 7:1                ; 12 bits   ; 48 LEs        ; 48 LEs               ; 0 LEs                  ; Yes        ; |DE1_SoC|line_drawer:lines|error[1]     ;
+--------------------+-----------+---------------+----------------------+------------------------+------------+-----------------------------------------+


+--------------------------------------------------------------------------------------------------+
; Source assignments for VGA_framebuffer:fb|altsyncram:buffer_rtl_0|altsyncram_0cq1:auto_generated ;
+---------------------------------+--------------------+------+------------------------------------+
; Assignment                      ; Value              ; From ; To                                 ;
+---------------------------------+--------------------+------+------------------------------------+
; OPTIMIZE_POWER_DURING_SYNTHESIS ; NORMAL_COMPILATION ; -    ; -                                  ;
+---------------------------------+--------------------+------+------------------------------------+


+---------------------------------------------------------------------------------------------+
; Parameter Settings for Inferred Entity Instance: VGA_framebuffer:fb|altsyncram:buffer_rtl_0 ;
+------------------------------------+----------------------+---------------------------------+
; Parameter Name                     ; Value                ; Type                            ;
+------------------------------------+----------------------+---------------------------------+
; BYTE_SIZE_BLOCK                    ; 8                    ; Untyped                         ;
; AUTO_CARRY_CHAINS                  ; ON                   ; AUTO_CARRY                      ;
; IGNORE_CARRY_BUFFERS               ; OFF                  ; IGNORE_CARRY                    ;
; AUTO_CASCADE_CHAINS                ; ON                   ; AUTO_CASCADE                    ;
; IGNORE_CASCADE_BUFFERS             ; OFF                  ; IGNORE_CASCADE                  ;
; WIDTH_BYTEENA                      ; 1                    ; Untyped                         ;
; OPERATION_MODE                     ; DUAL_PORT            ; Untyped                         ;
; WIDTH_A                            ; 1                    ; Untyped                         ;
; WIDTHAD_A                          ; 20                   ; Untyped                         ;
; NUMWORDS_A                         ; 614400               ; Untyped                         ;
; OUTDATA_REG_A                      ; UNREGISTERED         ; Untyped                         ;
; ADDRESS_ACLR_A                     ; NONE                 ; Untyped                         ;
; OUTDATA_ACLR_A                     ; NONE                 ; Untyped                         ;
; WRCONTROL_ACLR_A                   ; NONE                 ; Untyped                         ;
; INDATA_ACLR_A                      ; NONE                 ; Untyped                         ;
; BYTEENA_ACLR_A                     ; NONE                 ; Untyped                         ;
; WIDTH_B                            ; 1                    ; Untyped                         ;
; WIDTHAD_B                          ; 20                   ; Untyped                         ;
; NUMWORDS_B                         ; 614400               ; Untyped                         ;
; INDATA_REG_B                       ; CLOCK1               ; Untyped                         ;
; WRCONTROL_WRADDRESS_REG_B          ; CLOCK1               ; Untyped                         ;
; RDCONTROL_REG_B                    ; CLOCK0               ; Untyped                         ;
; ADDRESS_REG_B                      ; CLOCK0               ; Untyped                         ;
; OUTDATA_REG_B                      ; UNREGISTERED         ; Untyped                         ;
; BYTEENA_REG_B                      ; CLOCK1               ; Untyped                         ;
; INDATA_ACLR_B                      ; NONE                 ; Untyped                         ;
; WRCONTROL_ACLR_B                   ; NONE                 ; Untyped                         ;
; ADDRESS_ACLR_B                     ; NONE                 ; Untyped                         ;
; OUTDATA_ACLR_B                     ; NONE                 ; Untyped                         ;
; RDCONTROL_ACLR_B                   ; NONE                 ; Untyped                         ;
; BYTEENA_ACLR_B                     ; NONE                 ; Untyped                         ;
; WIDTH_BYTEENA_A                    ; 1                    ; Untyped                         ;
; WIDTH_BYTEENA_B                    ; 1                    ; Untyped                         ;
; RAM_BLOCK_TYPE                     ; AUTO                 ; Untyped                         ;
; BYTE_SIZE                          ; 8                    ; Untyped                         ;
; READ_DURING_WRITE_MODE_MIXED_PORTS ; OLD_DATA             ; Untyped                         ;
; READ_DURING_WRITE_MODE_PORT_A      ; NEW_DATA_NO_NBE_READ ; Untyped                         ;
; READ_DURING_WRITE_MODE_PORT_B      ; NEW_DATA_NO_NBE_READ ; Untyped                         ;
; INIT_FILE                          ; UNUSED               ; Untyped                         ;
; INIT_FILE_LAYOUT                   ; PORT_A               ; Untyped                         ;
; MAXIMUM_DEPTH                      ; 0                    ; Untyped                         ;
; CLOCK_ENABLE_INPUT_A               ; NORMAL               ; Untyped                         ;
; CLOCK_ENABLE_INPUT_B               ; NORMAL               ; Untyped                         ;
; CLOCK_ENABLE_OUTPUT_A              ; NORMAL               ; Untyped                         ;
; CLOCK_ENABLE_OUTPUT_B              ; NORMAL               ; Untyped                         ;
; CLOCK_ENABLE_CORE_A                ; USE_INPUT_CLKEN      ; Untyped                         ;
; CLOCK_ENABLE_CORE_B                ; USE_INPUT_CLKEN      ; Untyped                         ;
; ENABLE_ECC                         ; FALSE                ; Untyped                         ;
; ECC_PIPELINE_STAGE_ENABLED         ; FALSE                ; Untyped                         ;
; WIDTH_ECCSTATUS                    ; 3                    ; Untyped                         ;
; DEVICE_FAMILY                      ; Cyclone V            ; Untyped                         ;
; CBXI_PARAMETER                     ; altsyncram_0cq1      ; Untyped                         ;
+------------------------------------+----------------------+---------------------------------+
Note: In order to hide this table in the UI and the text report file, please set the "Show Parameter Settings in Synthesis Report" option in "Analysis and Synthesis Settings -> More Settings" to "Off".


+----------------------------------------------------------------------------------------+
; altsyncram Parameter Settings by Entity Instance                                       ;
+-------------------------------------------+--------------------------------------------+
; Name                                      ; Value                                      ;
+-------------------------------------------+--------------------------------------------+
; Number of entity instances                ; 1                                          ;
; Entity Instance                           ; VGA_framebuffer:fb|altsyncram:buffer_rtl_0 ;
;     -- OPERATION_MODE                     ; DUAL_PORT                                  ;
;     -- WIDTH_A                            ; 1                                          ;
;     -- NUMWORDS_A                         ; 614400                                     ;
;     -- OUTDATA_REG_A                      ; UNREGISTERED                               ;
;     -- WIDTH_B                            ; 1                                          ;
;     -- NUMWORDS_B                         ; 614400                                     ;
;     -- ADDRESS_REG_B                      ; CLOCK0                                     ;
;     -- OUTDATA_REG_B                      ; UNREGISTERED                               ;
;     -- RAM_BLOCK_TYPE                     ; AUTO                                       ;
;     -- READ_DURING_WRITE_MODE_MIXED_PORTS ; OLD_DATA                                   ;
+-------------------------------------------+--------------------------------------------+


+-----------------------------------------------------------------------------------------------------------------------+
; Port Connectivity Checks: "VGA_framebuffer:fb"                                                                        ;
+-------------+--------+----------+-------------------------------------------------------------------------------------+
; Port        ; Type   ; Severity ; Details                                                                             ;
+-------------+--------+----------+-------------------------------------------------------------------------------------+
; rst         ; Input  ; Info     ; Stuck at GND                                                                        ;
; pixel_write ; Input  ; Info     ; Stuck at VCC                                                                        ;
; dfb_en      ; Input  ; Info     ; Stuck at GND                                                                        ;
; frame_start ; Output ; Info     ; Connected to dangling logic. Logic that only feeds a dangling port will be removed. ;
+-------------+--------+----------+-------------------------------------------------------------------------------------+


+-----------------------------------------------------+
; Post-Synthesis Netlist Statistics for Top Partition ;
+-----------------------+-----------------------------+
; Type                  ; Count                       ;
+-----------------------+-----------------------------+
; arriav_ff             ; 194                         ;
;     ENA               ; 46                          ;
;     ENA SCLR          ; 128                         ;
;     SCLR              ; 12                          ;
;     plain             ; 8                           ;
; arriav_lcell_comb     ; 752                         ;
;     arith             ; 347                         ;
;         0 data inputs ; 13                          ;
;         1 data inputs ; 181                         ;
;         2 data inputs ; 7                           ;
;         3 data inputs ; 18                          ;
;         4 data inputs ; 37                          ;
;         5 data inputs ; 91                          ;
;     extend            ; 11                          ;
;         7 data inputs ; 11                          ;
;     normal            ; 370                         ;
;         0 data inputs ; 2                           ;
;         1 data inputs ; 3                           ;
;         2 data inputs ; 25                          ;
;         3 data inputs ; 25                          ;
;         4 data inputs ; 24                          ;
;         5 data inputs ; 69                          ;
;         6 data inputs ; 222                         ;
;     shared            ; 24                          ;
;         0 data inputs ; 1                           ;
;         1 data inputs ; 4                           ;
;         2 data inputs ; 17                          ;
;         3 data inputs ; 2                           ;
; boundary_port         ; 96                          ;
; stratixv_ram_block    ; 75                          ;
;                       ;                             ;
; Max LUT depth         ; 12.00                       ;
; Average LUT depth     ; 5.70                        ;
+-----------------------+-----------------------------+


+-------------------------------+
; Elapsed Time Per Partition    ;
+----------------+--------------+
; Partition Name ; Elapsed Time ;
+----------------+--------------+
; Top            ; 00:00:01     ;
+----------------+--------------+


+-------------------------------+
; Analysis & Synthesis Messages ;
+-------------------------------+
Info: *******************************************************************
Info: Running Quartus Prime Analysis & Synthesis
    Info: Version 17.0.0 Build 595 04/25/2017 SJ Lite Edition
    Info: Processing started: Mon Feb 06 18:16:28 2023
Info: Command: quartus_map --read_settings_files=on --write_settings_files=off DE1_SoC -c DE1_SoC
Warning (18236): Number of processors has not been specified which may cause overloading on shared machines.  Set the global assignment NUM_PARALLEL_PROCESSORS in your QSF to an appropriate value for best performance.
Info (20030): Parallel compilation is enabled and will use 16 of the 16 processors detected
Info (12021): Found 1 design units, including 1 entities, in source file vga_framebuffer.sv
    Info (12023): Found entity 1: VGA_framebuffer File: C:/Users/egeen/Desktop/School/EE 371/Labs/Lab 3/Task 2/Lab3template/VGA_framebuffer.sv Line: 8
Info (12021): Found 2 design units, including 2 entities, in source file line_drawer.sv
    Info (12023): Found entity 1: line_drawer File: C:/Users/egeen/Desktop/School/EE 371/Labs/Lab 3/Task 2/Lab3template/line_drawer.sv Line: 10
    Info (12023): Found entity 2: line_drawer_testbench File: C:/Users/egeen/Desktop/School/EE 371/Labs/Lab 3/Task 2/Lab3template/line_drawer.sv Line: 95
Info (12021): Found 2 design units, including 2 entities, in source file de1_soc.sv
    Info (12023): Found entity 1: DE1_SoC File: C:/Users/egeen/Desktop/School/EE 371/Labs/Lab 3/Task 2/Lab3template/DE1_SoC.sv Line: 10
    Info (12023): Found entity 2: DE1_SoC_testbench File: C:/Users/egeen/Desktop/School/EE 371/Labs/Lab 3/Task 2/Lab3template/DE1_SoC.sv Line: 175
Info (12021): Found 1 design units, including 1 entities, in source file de1_soc_golden_top.v
    Info (12023): Found entity 1: DE1_SOC_golden_top File: C:/Users/egeen/Desktop/School/EE 371/Labs/Lab 3/Task 2/Lab3template/DE1_SOC_golden_top.v Line: 54
Info (12021): Found 2 design units, including 2 entities, in source file input_processor.sv
    Info (12023): Found entity 1: input_processor File: C:/Users/egeen/Desktop/School/EE 371/Labs/Lab 3/Task 2/Lab3template/input_processor.sv Line: 10
    Info (12023): Found entity 2: input_processor_testbench File: C:/Users/egeen/Desktop/School/EE 371/Labs/Lab 3/Task 2/Lab3template/input_processor.sv Line: 51
Info (12021): Found 2 design units, including 2 entities, in source file clear_screen.sv
    Info (12023): Found entity 1: clear_screen File: C:/Users/egeen/Desktop/School/EE 371/Labs/Lab 3/Task 2/Lab3template/clear_screen.sv Line: 11
    Info (12023): Found entity 2: clear_screen_testbench File: C:/Users/egeen/Desktop/School/EE 371/Labs/Lab 3/Task 2/Lab3template/clear_screen.sv Line: 66
Info (12127): Elaborating entity "DE1_SoC" for the top level hierarchy
Warning (10230): Verilog HDL assignment warning at DE1_SoC.sv(63): truncated value with size 32 to match size of target (9) File: C:/Users/egeen/Desktop/School/EE 371/Labs/Lab 3/Task 2/Lab3template/DE1_SoC.sv Line: 63
Warning (10230): Verilog HDL assignment warning at DE1_SoC.sv(65): truncated value with size 32 to match size of target (9) File: C:/Users/egeen/Desktop/School/EE 371/Labs/Lab 3/Task 2/Lab3template/DE1_SoC.sv Line: 65
Info (12128): Elaborating entity "input_processor" for hierarchy "input_processor:ip1" File: C:/Users/egeen/Desktop/School/EE 371/Labs/Lab 3/Task 2/Lab3template/DE1_SoC.sv Line: 50
Info (12128): Elaborating entity "clear_screen" for hierarchy "clear_screen:clearer" File: C:/Users/egeen/Desktop/School/EE 371/Labs/Lab 3/Task 2/Lab3template/DE1_SoC.sv Line: 56
Warning (10230): Verilog HDL assignment warning at clear_screen.sv(58): truncated value with size 32 to match size of target (10) File: C:/Users/egeen/Desktop/School/EE 371/Labs/Lab 3/Task 2/Lab3template/clear_screen.sv Line: 58
Info (12128): Elaborating entity "VGA_framebuffer" for hierarchy "VGA_framebuffer:fb" File: C:/Users/egeen/Desktop/School/EE 371/Labs/Lab 3/Task 2/Lab3template/DE1_SoC.sv Line: 126
Info (12128): Elaborating entity "line_drawer" for hierarchy "line_drawer:lines" File: C:/Users/egeen/Desktop/School/EE 371/Labs/Lab 3/Task 2/Lab3template/DE1_SoC.sv Line: 130
Warning (10230): Verilog HDL assignment warning at line_drawer.sv(62): truncated value with size 11 to match size of target (10) File: C:/Users/egeen/Desktop/School/EE 371/Labs/Lab 3/Task 2/Lab3template/line_drawer.sv Line: 62
Warning (10230): Verilog HDL assignment warning at line_drawer.sv(63): truncated value with size 10 to match size of target (9) File: C:/Users/egeen/Desktop/School/EE 371/Labs/Lab 3/Task 2/Lab3template/line_drawer.sv Line: 63
Warning (10230): Verilog HDL assignment warning at line_drawer.sv(65): truncated value with size 32 to match size of target (12) File: C:/Users/egeen/Desktop/School/EE 371/Labs/Lab 3/Task 2/Lab3template/line_drawer.sv Line: 65
Warning (10230): Verilog HDL assignment warning at line_drawer.sv(67): truncated value with size 32 to match size of target (12) File: C:/Users/egeen/Desktop/School/EE 371/Labs/Lab 3/Task 2/Lab3template/line_drawer.sv Line: 67
Warning (10230): Verilog HDL assignment warning at line_drawer.sv(72): truncated value with size 32 to match size of target (9) File: C:/Users/egeen/Desktop/School/EE 371/Labs/Lab 3/Task 2/Lab3template/line_drawer.sv Line: 72
Warning (10230): Verilog HDL assignment warning at line_drawer.sv(74): truncated value with size 32 to match size of target (10) File: C:/Users/egeen/Desktop/School/EE 371/Labs/Lab 3/Task 2/Lab3template/line_drawer.sv Line: 74
Warning (10230): Verilog HDL assignment warning at line_drawer.sv(83): truncated value with size 32 to match size of target (10) File: C:/Users/egeen/Desktop/School/EE 371/Labs/Lab 3/Task 2/Lab3template/line_drawer.sv Line: 83
Warning (10230): Verilog HDL assignment warning at line_drawer.sv(85): truncated value with size 32 to match size of target (9) File: C:/Users/egeen/Desktop/School/EE 371/Labs/Lab 3/Task 2/Lab3template/line_drawer.sv Line: 85
Info (19000): Inferred 1 megafunctions from design logic
    Info (276029): Inferred altsyncram megafunction from the following design logic: "VGA_framebuffer:fb|buffer_rtl_0" 
        Info (286033): Parameter OPERATION_MODE set to DUAL_PORT
        Info (286033): Parameter WIDTH_A set to 1
        Info (286033): Parameter WIDTHAD_A set to 20
        Info (286033): Parameter NUMWORDS_A set to 614400
        Info (286033): Parameter WIDTH_B set to 1
        Info (286033): Parameter WIDTHAD_B set to 20
        Info (286033): Parameter NUMWORDS_B set to 614400
        Info (286033): Parameter ADDRESS_ACLR_A set to NONE
        Info (286033): Parameter OUTDATA_REG_B set to UNREGISTERED
        Info (286033): Parameter ADDRESS_ACLR_B set to NONE
        Info (286033): Parameter OUTDATA_ACLR_B set to NONE
        Info (286033): Parameter ADDRESS_REG_B set to CLOCK0
        Info (286033): Parameter INDATA_ACLR_A set to NONE
        Info (286033): Parameter WRCONTROL_ACLR_A set to NONE
        Info (286033): Parameter READ_DURING_WRITE_MODE_MIXED_PORTS set to OLD_DATA
        Info (286033): Parameter RDCONTROL_REG_B set to CLOCK0
Info (12130): Elaborated megafunction instantiation "VGA_framebuffer:fb|altsyncram:buffer_rtl_0"
Info (12133): Instantiated megafunction "VGA_framebuffer:fb|altsyncram:buffer_rtl_0" with the following parameter:
    Info (12134): Parameter "OPERATION_MODE" = "DUAL_PORT"
    Info (12134): Parameter "WIDTH_A" = "1"
    Info (12134): Parameter "WIDTHAD_A" = "20"
    Info (12134): Parameter "NUMWORDS_A" = "614400"
    Info (12134): Parameter "WIDTH_B" = "1"
    Info (12134): Parameter "WIDTHAD_B" = "20"
    Info (12134): Parameter "NUMWORDS_B" = "614400"
    Info (12134): Parameter "ADDRESS_ACLR_A" = "NONE"
    Info (12134): Parameter "OUTDATA_REG_B" = "UNREGISTERED"
    Info (12134): Parameter "ADDRESS_ACLR_B" = "NONE"
    Info (12134): Parameter "OUTDATA_ACLR_B" = "NONE"
    Info (12134): Parameter "ADDRESS_REG_B" = "CLOCK0"
    Info (12134): Parameter "INDATA_ACLR_A" = "NONE"
    Info (12134): Parameter "WRCONTROL_ACLR_A" = "NONE"
    Info (12134): Parameter "READ_DURING_WRITE_MODE_MIXED_PORTS" = "OLD_DATA"
    Info (12134): Parameter "RDCONTROL_REG_B" = "CLOCK0"
Info (12021): Found 1 design units, including 1 entities, in source file db/altsyncram_0cq1.tdf
    Info (12023): Found entity 1: altsyncram_0cq1 File: C:/Users/egeen/Desktop/School/EE 371/Labs/Lab 3/Task 2/Lab3template/db/altsyncram_0cq1.tdf Line: 32
Info (12021): Found 1 design units, including 1 entities, in source file db/decode_5na.tdf
    Info (12023): Found entity 1: decode_5na File: C:/Users/egeen/Desktop/School/EE 371/Labs/Lab 3/Task 2/Lab3template/db/decode_5na.tdf Line: 23
Info (12021): Found 1 design units, including 1 entities, in source file db/mux_ehb.tdf
    Info (12023): Found entity 1: mux_ehb File: C:/Users/egeen/Desktop/School/EE 371/Labs/Lab 3/Task 2/Lab3template/db/mux_ehb.tdf Line: 23
Warning (13024): Output pins are stuck at VCC or GND
    Warning (13410): Pin "HEX0[0]" is stuck at VCC File: C:/Users/egeen/Desktop/School/EE 371/Labs/Lab 3/Task 2/Lab3template/DE1_SoC.sv Line: 13
    Warning (13410): Pin "HEX0[1]" is stuck at VCC File: C:/Users/egeen/Desktop/School/EE 371/Labs/Lab 3/Task 2/Lab3template/DE1_SoC.sv Line: 13
    Warning (13410): Pin "HEX0[2]" is stuck at VCC File: C:/Users/egeen/Desktop/School/EE 371/Labs/Lab 3/Task 2/Lab3template/DE1_SoC.sv Line: 13
    Warning (13410): Pin "HEX0[3]" is stuck at VCC File: C:/Users/egeen/Desktop/School/EE 371/Labs/Lab 3/Task 2/Lab3template/DE1_SoC.sv Line: 13
    Warning (13410): Pin "HEX0[4]" is stuck at VCC File: C:/Users/egeen/Desktop/School/EE 371/Labs/Lab 3/Task 2/Lab3template/DE1_SoC.sv Line: 13
    Warning (13410): Pin "HEX0[5]" is stuck at VCC File: C:/Users/egeen/Desktop/School/EE 371/Labs/Lab 3/Task 2/Lab3template/DE1_SoC.sv Line: 13
    Warning (13410): Pin "HEX0[6]" is stuck at VCC File: C:/Users/egeen/Desktop/School/EE 371/Labs/Lab 3/Task 2/Lab3template/DE1_SoC.sv Line: 13
    Warning (13410): Pin "HEX1[0]" is stuck at VCC File: C:/Users/egeen/Desktop/School/EE 371/Labs/Lab 3/Task 2/Lab3template/DE1_SoC.sv Line: 13
    Warning (13410): Pin "HEX1[1]" is stuck at VCC File: C:/Users/egeen/Desktop/School/EE 371/Labs/Lab 3/Task 2/Lab3template/DE1_SoC.sv Line: 13
    Warning (13410): Pin "HEX1[2]" is stuck at VCC File: C:/Users/egeen/Desktop/School/EE 371/Labs/Lab 3/Task 2/Lab3template/DE1_SoC.sv Line: 13
    Warning (13410): Pin "HEX1[3]" is stuck at VCC File: C:/Users/egeen/Desktop/School/EE 371/Labs/Lab 3/Task 2/Lab3template/DE1_SoC.sv Line: 13
    Warning (13410): Pin "HEX1[4]" is stuck at VCC File: C:/Users/egeen/Desktop/School/EE 371/Labs/Lab 3/Task 2/Lab3template/DE1_SoC.sv Line: 13
    Warning (13410): Pin "HEX1[5]" is stuck at VCC File: C:/Users/egeen/Desktop/School/EE 371/Labs/Lab 3/Task 2/Lab3template/DE1_SoC.sv Line: 13
    Warning (13410): Pin "HEX1[6]" is stuck at VCC File: C:/Users/egeen/Desktop/School/EE 371/Labs/Lab 3/Task 2/Lab3template/DE1_SoC.sv Line: 13
    Warning (13410): Pin "HEX2[0]" is stuck at VCC File: C:/Users/egeen/Desktop/School/EE 371/Labs/Lab 3/Task 2/Lab3template/DE1_SoC.sv Line: 13
    Warning (13410): Pin "HEX2[1]" is stuck at VCC File: C:/Users/egeen/Desktop/School/EE 371/Labs/Lab 3/Task 2/Lab3template/DE1_SoC.sv Line: 13
    Warning (13410): Pin "HEX2[2]" is stuck at VCC File: C:/Users/egeen/Desktop/School/EE 371/Labs/Lab 3/Task 2/Lab3template/DE1_SoC.sv Line: 13
    Warning (13410): Pin "HEX2[3]" is stuck at VCC File: C:/Users/egeen/Desktop/School/EE 371/Labs/Lab 3/Task 2/Lab3template/DE1_SoC.sv Line: 13
    Warning (13410): Pin "HEX2[4]" is stuck at VCC File: C:/Users/egeen/Desktop/School/EE 371/Labs/Lab 3/Task 2/Lab3template/DE1_SoC.sv Line: 13
    Warning (13410): Pin "HEX2[5]" is stuck at VCC File: C:/Users/egeen/Desktop/School/EE 371/Labs/Lab 3/Task 2/Lab3template/DE1_SoC.sv Line: 13
    Warning (13410): Pin "HEX2[6]" is stuck at VCC File: C:/Users/egeen/Desktop/School/EE 371/Labs/Lab 3/Task 2/Lab3template/DE1_SoC.sv Line: 13
    Warning (13410): Pin "HEX3[0]" is stuck at VCC File: C:/Users/egeen/Desktop/School/EE 371/Labs/Lab 3/Task 2/Lab3template/DE1_SoC.sv Line: 13
    Warning (13410): Pin "HEX3[1]" is stuck at VCC File: C:/Users/egeen/Desktop/School/EE 371/Labs/Lab 3/Task 2/Lab3template/DE1_SoC.sv Line: 13
    Warning (13410): Pin "HEX3[2]" is stuck at VCC File: C:/Users/egeen/Desktop/School/EE 371/Labs/Lab 3/Task 2/Lab3template/DE1_SoC.sv Line: 13
    Warning (13410): Pin "HEX3[3]" is stuck at VCC File: C:/Users/egeen/Desktop/School/EE 371/Labs/Lab 3/Task 2/Lab3template/DE1_SoC.sv Line: 13
    Warning (13410): Pin "HEX3[4]" is stuck at VCC File: C:/Users/egeen/Desktop/School/EE 371/Labs/Lab 3/Task 2/Lab3template/DE1_SoC.sv Line: 13
    Warning (13410): Pin "HEX3[5]" is stuck at VCC File: C:/Users/egeen/Desktop/School/EE 371/Labs/Lab 3/Task 2/Lab3template/DE1_SoC.sv Line: 13
    Warning (13410): Pin "HEX3[6]" is stuck at VCC File: C:/Users/egeen/Desktop/School/EE 371/Labs/Lab 3/Task 2/Lab3template/DE1_SoC.sv Line: 13
    Warning (13410): Pin "HEX4[0]" is stuck at VCC File: C:/Users/egeen/Desktop/School/EE 371/Labs/Lab 3/Task 2/Lab3template/DE1_SoC.sv Line: 13
    Warning (13410): Pin "HEX4[1]" is stuck at VCC File: C:/Users/egeen/Desktop/School/EE 371/Labs/Lab 3/Task 2/Lab3template/DE1_SoC.sv Line: 13
    Warning (13410): Pin "HEX4[2]" is stuck at VCC File: C:/Users/egeen/Desktop/School/EE 371/Labs/Lab 3/Task 2/Lab3template/DE1_SoC.sv Line: 13
    Warning (13410): Pin "HEX4[3]" is stuck at VCC File: C:/Users/egeen/Desktop/School/EE 371/Labs/Lab 3/Task 2/Lab3template/DE1_SoC.sv Line: 13
    Warning (13410): Pin "HEX4[4]" is stuck at VCC File: C:/Users/egeen/Desktop/School/EE 371/Labs/Lab 3/Task 2/Lab3template/DE1_SoC.sv Line: 13
    Warning (13410): Pin "HEX4[5]" is stuck at VCC File: C:/Users/egeen/Desktop/School/EE 371/Labs/Lab 3/Task 2/Lab3template/DE1_SoC.sv Line: 13
    Warning (13410): Pin "HEX4[6]" is stuck at VCC File: C:/Users/egeen/Desktop/School/EE 371/Labs/Lab 3/Task 2/Lab3template/DE1_SoC.sv Line: 13
    Warning (13410): Pin "HEX5[0]" is stuck at VCC File: C:/Users/egeen/Desktop/School/EE 371/Labs/Lab 3/Task 2/Lab3template/DE1_SoC.sv Line: 13
    Warning (13410): Pin "HEX5[1]" is stuck at VCC File: C:/Users/egeen/Desktop/School/EE 371/Labs/Lab 3/Task 2/Lab3template/DE1_SoC.sv Line: 13
    Warning (13410): Pin "HEX5[2]" is stuck at VCC File: C:/Users/egeen/Desktop/School/EE 371/Labs/Lab 3/Task 2/Lab3template/DE1_SoC.sv Line: 13
    Warning (13410): Pin "HEX5[3]" is stuck at VCC File: C:/Users/egeen/Desktop/School/EE 371/Labs/Lab 3/Task 2/Lab3template/DE1_SoC.sv Line: 13
    Warning (13410): Pin "HEX5[4]" is stuck at VCC File: C:/Users/egeen/Desktop/School/EE 371/Labs/Lab 3/Task 2/Lab3template/DE1_SoC.sv Line: 13
    Warning (13410): Pin "HEX5[5]" is stuck at VCC File: C:/Users/egeen/Desktop/School/EE 371/Labs/Lab 3/Task 2/Lab3template/DE1_SoC.sv Line: 13
    Warning (13410): Pin "HEX5[6]" is stuck at VCC File: C:/Users/egeen/Desktop/School/EE 371/Labs/Lab 3/Task 2/Lab3template/DE1_SoC.sv Line: 13
    Warning (13410): Pin "VGA_SYNC_N" is stuck at VCC File: C:/Users/egeen/Desktop/School/EE 371/Labs/Lab 3/Task 2/Lab3template/DE1_SoC.sv Line: 25
Info (286030): Timing-Driven Synthesis is running
Info (17049): 1 registers lost all their fanouts during netlist optimizations.
Info (16010): Generating hard_block partition "hard_block:auto_generated_inst"
    Info (16011): Adding 0 node(s), including 0 DDIO, 0 PLL, 0 transceiver and 0 LCELL
Warning (21074): Design contains 3 input pin(s) that do not drive logic
    Warning (15610): No output dependent on input pin "KEY[0]" File: C:/Users/egeen/Desktop/School/EE 371/Labs/Lab 3/Task 2/Lab3template/DE1_SoC.sv Line: 15
    Warning (15610): No output dependent on input pin "KEY[1]" File: C:/Users/egeen/Desktop/School/EE 371/Labs/Lab 3/Task 2/Lab3template/DE1_SoC.sv Line: 15
    Warning (15610): No output dependent on input pin "KEY[2]" File: C:/Users/egeen/Desktop/School/EE 371/Labs/Lab 3/Task 2/Lab3template/DE1_SoC.sv Line: 15
Info (21057): Implemented 925 device resources after synthesis - the final resource count might be different
    Info (21058): Implemented 15 input pins
    Info (21059): Implemented 81 output pins
    Info (21061): Implemented 754 logic cells
    Info (21064): Implemented 75 RAM segments
Info: Quartus Prime Analysis & Synthesis was successful. 0 errors, 60 warnings
    Info: Peak virtual memory: 4908 megabytes
    Info: Processing ended: Mon Feb 06 18:16:41 2023
    Info: Elapsed time: 00:00:13
    Info: Total CPU time (on all processors): 00:00:07


