Analysis & Synthesis report for DE1_SoC
Mon Mar 13 19:47:24 2023
Quartus Prime Version 17.0.0 Build 595 04/25/2017 SJ Lite Edition


---------------------
; Table of Contents ;
---------------------
  1. Legal Notice
  2. Analysis & Synthesis Summary
  3. Analysis & Synthesis Settings
  4. Parallel Compilation
  5. Analysis & Synthesis Source Files Read
  6. Analysis & Synthesis Resource Usage Summary
  7. Analysis & Synthesis Resource Utilization by Entity
  8. Analysis & Synthesis RAM Summary
  9. Registers Removed During Synthesis
 10. General Register Statistics
 11. Multiplexer Restructuring Statistics (Restructuring Performed)
 12. Source assignments for dataPathUnit:path|RAM8x16:ram|altsyncram:altsyncram_component|altsyncram_vfv1:auto_generated
 13. Parameter Settings for User Entity Instance: carCount:counter
 14. Parameter Settings for User Entity Instance: dataPathUnit:path|RAM8x16:ram|altsyncram:altsyncram_component
 15. altsyncram Parameter Settings by Entity Instance
 16. Port Connectivity Checks: "clock_divider:clockDivide"
 17. Post-Synthesis Netlist Statistics for Top Partition
 18. Elapsed Time Per Partition
 19. Analysis & Synthesis Messages
 20. Analysis & Synthesis Suppressed Messages



----------------
; Legal Notice ;
----------------
Copyright (C) 2017  Intel Corporation. All rights reserved.
Your use of Intel Corporation's design tools, logic functions 
and other software and tools, and its AMPP partner logic 
functions, and any output files from any of the foregoing 
(including device programming or simulation files), and any 
associated documentation or information are expressly subject 
to the terms and conditions of the Intel Program License 
Subscription Agreement, the Intel Quartus Prime License Agreement,
the Intel MegaCore Function License Agreement, or other 
applicable license agreement, including, without limitation, 
that your use is for the sole purpose of programming logic 
devices manufactured by Intel and sold by Intel or its 
authorized distributors.  Please refer to the applicable 
agreement for further details.



+-------------------------------------------------------------------------------+
; Analysis & Synthesis Summary                                                  ;
+---------------------------------+---------------------------------------------+
; Analysis & Synthesis Status     ; Successful - Mon Mar 13 19:47:23 2023       ;
; Quartus Prime Version           ; 17.0.0 Build 595 04/25/2017 SJ Lite Edition ;
; Revision Name                   ; DE1_SoC                                     ;
; Top-level Entity Name           ; DE1_SoC                                     ;
; Family                          ; Cyclone V                                   ;
; Logic utilization (in ALMs)     ; N/A                                         ;
; Total registers                 ; 112                                         ;
; Total pins                      ; 80                                          ;
; Total virtual pins              ; 0                                           ;
; Total block memory bits         ; 128                                         ;
; Total DSP Blocks                ; 0                                           ;
; Total HSSI RX PCSs              ; 0                                           ;
; Total HSSI PMA RX Deserializers ; 0                                           ;
; Total HSSI TX PCSs              ; 0                                           ;
; Total HSSI PMA TX Serializers   ; 0                                           ;
; Total PLLs                      ; 0                                           ;
; Total DLLs                      ; 0                                           ;
+---------------------------------+---------------------------------------------+


+---------------------------------------------------------------------------------------------------------------------------+
; Analysis & Synthesis Settings                                                                                             ;
+---------------------------------------------------------------------------------+--------------------+--------------------+
; Option                                                                          ; Setting            ; Default Value      ;
+---------------------------------------------------------------------------------+--------------------+--------------------+
; Device                                                                          ; 5CGXFC7C7F23C8     ;                    ;
; Top-level entity name                                                           ; DE1_SoC            ; DE1_SoC            ;
; Family name                                                                     ; Cyclone V          ; Cyclone V          ;
; Use smart compilation                                                           ; Off                ; Off                ;
; Enable parallel Assembler and TimeQuest Timing Analyzer during compilation      ; On                 ; On                 ;
; Enable compact report table                                                     ; Off                ; Off                ;
; Restructure Multiplexers                                                        ; Auto               ; Auto               ;
; MLAB Add Timing Constraints For Mixed-Port Feed-Through Mode Setting Don't Care ; Off                ; Off                ;
; Create Debugging Nodes for IP Cores                                             ; Off                ; Off                ;
; Preserve fewer node names                                                       ; On                 ; On                 ;
; OpenCore Plus hardware evaluation                                               ; Enable             ; Enable             ;
; Verilog Version                                                                 ; Verilog_2001       ; Verilog_2001       ;
; VHDL Version                                                                    ; VHDL_1993          ; VHDL_1993          ;
; State Machine Processing                                                        ; Auto               ; Auto               ;
; Safe State Machine                                                              ; Off                ; Off                ;
; Extract Verilog State Machines                                                  ; On                 ; On                 ;
; Extract VHDL State Machines                                                     ; On                 ; On                 ;
; Ignore Verilog initial constructs                                               ; Off                ; Off                ;
; Iteration limit for constant Verilog loops                                      ; 5000               ; 5000               ;
; Iteration limit for non-constant Verilog loops                                  ; 250                ; 250                ;
; Add Pass-Through Logic to Inferred RAMs                                         ; On                 ; On                 ;
; Infer RAMs from Raw Logic                                                       ; On                 ; On                 ;
; Parallel Synthesis                                                              ; On                 ; On                 ;
; DSP Block Balancing                                                             ; Auto               ; Auto               ;
; NOT Gate Push-Back                                                              ; On                 ; On                 ;
; Power-Up Don't Care                                                             ; On                 ; On                 ;
; Remove Redundant Logic Cells                                                    ; Off                ; Off                ;
; Remove Duplicate Registers                                                      ; On                 ; On                 ;
; Ignore CARRY Buffers                                                            ; Off                ; Off                ;
; Ignore CASCADE Buffers                                                          ; Off                ; Off                ;
; Ignore GLOBAL Buffers                                                           ; Off                ; Off                ;
; Ignore ROW GLOBAL Buffers                                                       ; Off                ; Off                ;
; Ignore LCELL Buffers                                                            ; Off                ; Off                ;
; Ignore SOFT Buffers                                                             ; On                 ; On                 ;
; Limit AHDL Integers to 32 Bits                                                  ; Off                ; Off                ;
; Optimization Technique                                                          ; Balanced           ; Balanced           ;
; Carry Chain Length                                                              ; 70                 ; 70                 ;
; Auto Carry Chains                                                               ; On                 ; On                 ;
; Auto Open-Drain Pins                                                            ; On                 ; On                 ;
; Perform WYSIWYG Primitive Resynthesis                                           ; Off                ; Off                ;
; Auto ROM Replacement                                                            ; On                 ; On                 ;
; Auto RAM Replacement                                                            ; On                 ; On                 ;
; Auto DSP Block Replacement                                                      ; On                 ; On                 ;
; Auto Shift Register Replacement                                                 ; Auto               ; Auto               ;
; Allow Shift Register Merging across Hierarchies                                 ; Auto               ; Auto               ;
; Auto Clock Enable Replacement                                                   ; On                 ; On                 ;
; Strict RAM Replacement                                                          ; Off                ; Off                ;
; Allow Synchronous Control Signals                                               ; On                 ; On                 ;
; Force Use of Synchronous Clear Signals                                          ; Off                ; Off                ;
; Auto Resource Sharing                                                           ; Off                ; Off                ;
; Allow Any RAM Size For Recognition                                              ; Off                ; Off                ;
; Allow Any ROM Size For Recognition                                              ; Off                ; Off                ;
; Allow Any Shift Register Size For Recognition                                   ; Off                ; Off                ;
; Use LogicLock Constraints during Resource Balancing                             ; On                 ; On                 ;
; Ignore translate_off and synthesis_off directives                               ; Off                ; Off                ;
; Timing-Driven Synthesis                                                         ; On                 ; On                 ;
; Report Parameter Settings                                                       ; On                 ; On                 ;
; Report Source Assignments                                                       ; On                 ; On                 ;
; Report Connectivity Checks                                                      ; On                 ; On                 ;
; Ignore Maximum Fan-Out Assignments                                              ; Off                ; Off                ;
; Synchronization Register Chain Length                                           ; 3                  ; 3                  ;
; PowerPlay Power Optimization During Synthesis                                   ; Normal compilation ; Normal compilation ;
; HDL message level                                                               ; Level2             ; Level2             ;
; Suppress Register Optimization Related Messages                                 ; Off                ; Off                ;
; Number of Removed Registers Reported in Synthesis Report                        ; 5000               ; 5000               ;
; Number of Swept Nodes Reported in Synthesis Report                              ; 5000               ; 5000               ;
; Number of Inverted Registers Reported in Synthesis Report                       ; 100                ; 100                ;
; Clock MUX Protection                                                            ; On                 ; On                 ;
; Auto Gated Clock Conversion                                                     ; Off                ; Off                ;
; Block Design Naming                                                             ; Auto               ; Auto               ;
; SDC constraint protection                                                       ; Off                ; Off                ;
; Synthesis Effort                                                                ; Auto               ; Auto               ;
; Shift Register Replacement - Allow Asynchronous Clear Signal                    ; On                 ; On                 ;
; Pre-Mapping Resynthesis Optimization                                            ; Off                ; Off                ;
; Analysis & Synthesis Message Level                                              ; Medium             ; Medium             ;
; Disable Register Merging Across Hierarchies                                     ; Auto               ; Auto               ;
; Resource Aware Inference For Block RAM                                          ; On                 ; On                 ;
; Automatic Parallel Synthesis                                                    ; On                 ; On                 ;
; Partial Reconfiguration Bitstream ID                                            ; Off                ; Off                ;
+---------------------------------------------------------------------------------+--------------------+--------------------+


+------------------------------------------+
; Parallel Compilation                     ;
+----------------------------+-------------+
; Processors                 ; Number      ;
+----------------------------+-------------+
; Number detected on machine ; 16          ;
; Maximum allowed            ; 16          ;
;                            ;             ;
; Average used               ; 1.00        ;
; Maximum used               ; 16          ;
;                            ;             ;
; Usage by Processor         ; % Time Used ;
;     Processor 1            ; 100.0%      ;
;     Processor 2            ;   0.0%      ;
;     Processors 3-16        ;   0.0%      ;
+----------------------------+-------------+


+----------------------------------------------------------------------------------------------------------------------------------------------------------------------------+
; Analysis & Synthesis Source Files Read                                                                                                                                     ;
+----------------------------------+-----------------+------------------------------+------------------------------------------------------------------------------+---------+
; File Name with User-Entered Path ; Used in Netlist ; File Type                    ; File Name with Absolute Path                                                 ; Library ;
+----------------------------------+-----------------+------------------------------+------------------------------------------------------------------------------+---------+
; RAM8x16.v                        ; yes             ; User Wizard-Generated File   ; C:/Users/egeen/Desktop/School/EE 371/Labs/Lab 6/task2/RAM8x16.v              ;         ;
; hourCount.sv                     ; yes             ; User SystemVerilog HDL File  ; C:/Users/egeen/Desktop/School/EE 371/Labs/Lab 6/task2/hourCount.sv           ;         ;
; DE1_SoC.sv                       ; yes             ; User SystemVerilog HDL File  ; C:/Users/egeen/Desktop/School/EE 371/Labs/Lab 6/task2/DE1_SoC.sv             ;         ;
; dataPathUnit.sv                  ; yes             ; User SystemVerilog HDL File  ; C:/Users/egeen/Desktop/School/EE 371/Labs/Lab 6/task2/dataPathUnit.sv        ;         ;
; controlUnit.sv                   ; yes             ; User SystemVerilog HDL File  ; C:/Users/egeen/Desktop/School/EE 371/Labs/Lab 6/task2/controlUnit.sv         ;         ;
; clockdivider.sv                  ; yes             ; User SystemVerilog HDL File  ; C:/Users/egeen/Desktop/School/EE 371/Labs/Lab 6/task2/clockdivider.sv        ;         ;
; carIncrCounter.sv                ; yes             ; User SystemVerilog HDL File  ; C:/Users/egeen/Desktop/School/EE 371/Labs/Lab 6/task2/carIncrCounter.sv      ;         ;
; carCount.sv                      ; yes             ; User SystemVerilog HDL File  ; C:/Users/egeen/Desktop/School/EE 371/Labs/Lab 6/task2/carCount.sv            ;         ;
; addrIter.sv                      ; yes             ; User SystemVerilog HDL File  ; C:/Users/egeen/Desktop/School/EE 371/Labs/Lab 6/task2/addrIter.sv            ;         ;
; altsyncram.tdf                   ; yes             ; Megafunction                 ; c:/intelfpga_lite/17.0/quartus/libraries/megafunctions/altsyncram.tdf        ;         ;
; stratix_ram_block.inc            ; yes             ; Megafunction                 ; c:/intelfpga_lite/17.0/quartus/libraries/megafunctions/stratix_ram_block.inc ;         ;
; lpm_mux.inc                      ; yes             ; Megafunction                 ; c:/intelfpga_lite/17.0/quartus/libraries/megafunctions/lpm_mux.inc           ;         ;
; lpm_decode.inc                   ; yes             ; Megafunction                 ; c:/intelfpga_lite/17.0/quartus/libraries/megafunctions/lpm_decode.inc        ;         ;
; aglobal170.inc                   ; yes             ; Megafunction                 ; c:/intelfpga_lite/17.0/quartus/libraries/megafunctions/aglobal170.inc        ;         ;
; a_rdenreg.inc                    ; yes             ; Megafunction                 ; c:/intelfpga_lite/17.0/quartus/libraries/megafunctions/a_rdenreg.inc         ;         ;
; altrom.inc                       ; yes             ; Megafunction                 ; c:/intelfpga_lite/17.0/quartus/libraries/megafunctions/altrom.inc            ;         ;
; altram.inc                       ; yes             ; Megafunction                 ; c:/intelfpga_lite/17.0/quartus/libraries/megafunctions/altram.inc            ;         ;
; altdpram.inc                     ; yes             ; Megafunction                 ; c:/intelfpga_lite/17.0/quartus/libraries/megafunctions/altdpram.inc          ;         ;
; db/altsyncram_vfv1.tdf           ; yes             ; Auto-Generated Megafunction  ; C:/Users/egeen/Desktop/School/EE 371/Labs/Lab 6/task2/db/altsyncram_vfv1.tdf ;         ;
+----------------------------------+-----------------+------------------------------+------------------------------------------------------------------------------+---------+


+--------------------------------------------------------------+
; Analysis & Synthesis Resource Usage Summary                  ;
+---------------------------------------------+----------------+
; Resource                                    ; Usage          ;
+---------------------------------------------+----------------+
; Estimate of Logic utilization (ALMs needed) ; 69             ;
;                                             ;                ;
; Combinational ALUT usage for logic          ; 111            ;
;     -- 7 input functions                    ; 0              ;
;     -- 6 input functions                    ; 8              ;
;     -- 5 input functions                    ; 10             ;
;     -- 4 input functions                    ; 41             ;
;     -- <=3 input functions                  ; 52             ;
;                                             ;                ;
; Dedicated logic registers                   ; 112            ;
;                                             ;                ;
; I/O pins                                    ; 80             ;
; Total MLAB memory bits                      ; 0              ;
; Total block memory bits                     ; 128            ;
;                                             ;                ;
; Total DSP Blocks                            ; 0              ;
;                                             ;                ;
; Maximum fan-out node                        ; CLOCK_50~input ;
; Maximum fan-out                             ; 86             ;
; Total fan-out                               ; 865            ;
; Average fan-out                             ; 2.14           ;
+---------------------------------------------+----------------+


+------------------------------------------------------------------------------------------------------------------------------------------------------------------------------------------------------------------------------------------------------------------------------------------------+
; Analysis & Synthesis Resource Utilization by Entity                                                                                                                                                                                                                                            ;
+----------------------------------------------+---------------------+---------------------------+-------------------+------------+------+--------------+-------------------------------------------------------------------------------------------------------+-----------------+--------------+
; Compilation Hierarchy Node                   ; Combinational ALUTs ; Dedicated Logic Registers ; Block Memory Bits ; DSP Blocks ; Pins ; Virtual Pins ; Full Hierarchy Name                                                                                   ; Entity Name     ; Library Name ;
+----------------------------------------------+---------------------+---------------------------+-------------------+------------+------+--------------+-------------------------------------------------------------------------------------------------------+-----------------+--------------+
; |DE1_SoC                                     ; 111 (4)             ; 112 (0)                   ; 128               ; 0          ; 80   ; 0            ; |DE1_SoC                                                                                              ; DE1_SoC         ; work         ;
;    |addrIter:addrIterator|                   ; 5 (5)               ; 4 (4)                     ; 0                 ; 0          ; 0    ; 0            ; |DE1_SoC|addrIter:addrIterator                                                                        ; addrIter        ; work         ;
;    |carCount:counter|                        ; 2 (2)               ; 2 (2)                     ; 0                 ; 0          ; 0    ; 0            ; |DE1_SoC|carCount:counter                                                                             ; carCount        ; work         ;
;    |carIncrCounter:incrCounter|              ; 6 (6)               ; 4 (4)                     ; 0                 ; 0          ; 0    ; 0            ; |DE1_SoC|carIncrCounter:incrCounter                                                                   ; carIncrCounter  ; work         ;
;    |clock_divider:clockDivide|               ; 26 (26)             ; 26 (26)                   ; 0                 ; 0          ; 0    ; 0            ; |DE1_SoC|clock_divider:clockDivide                                                                    ; clock_divider   ; work         ;
;    |controlUnit:controls|                    ; 2 (2)               ; 2 (2)                     ; 0                 ; 0          ; 0    ; 0            ; |DE1_SoC|controlUnit:controls                                                                         ; controlUnit     ; work         ;
;    |dataPathUnit:path|                       ; 60 (60)             ; 70 (70)                   ; 128               ; 0          ; 0    ; 0            ; |DE1_SoC|dataPathUnit:path                                                                            ; dataPathUnit    ; work         ;
;       |RAM8x16:ram|                          ; 0 (0)               ; 0 (0)                     ; 128               ; 0          ; 0    ; 0            ; |DE1_SoC|dataPathUnit:path|RAM8x16:ram                                                                ; RAM8x16         ; work         ;
;          |altsyncram:altsyncram_component|   ; 0 (0)               ; 0 (0)                     ; 128               ; 0          ; 0    ; 0            ; |DE1_SoC|dataPathUnit:path|RAM8x16:ram|altsyncram:altsyncram_component                                ; altsyncram      ; work         ;
;             |altsyncram_vfv1:auto_generated| ; 0 (0)               ; 0 (0)                     ; 128               ; 0          ; 0    ; 0            ; |DE1_SoC|dataPathUnit:path|RAM8x16:ram|altsyncram:altsyncram_component|altsyncram_vfv1:auto_generated ; altsyncram_vfv1 ; work         ;
;    |hourCount:timeCounter|                   ; 6 (6)               ; 4 (4)                     ; 0                 ; 0          ; 0    ; 0            ; |DE1_SoC|hourCount:timeCounter                                                                        ; hourCount       ; work         ;
+----------------------------------------------+---------------------+---------------------------+-------------------+------------+------+--------------+-------------------------------------------------------------------------------------------------------+-----------------+--------------+
Note: For table entries with two numbers listed, the numbers in parentheses indicate the number of resources of the given type used by the specific entity alone. The numbers listed outside of parentheses indicate the total resources of the given type used by the specific entity and all of its sub-entities in the hierarchy.


+-------------------------------------------------------------------------------------------------------------------------------------------------------------------------------------------------------------------+
; Analysis & Synthesis RAM Summary                                                                                                                                                                                  ;
+---------------------------------------------------------------------------------------------------------+------------+------------------+--------------+--------------+--------------+--------------+------+------+
; Name                                                                                                    ; Type       ; Mode             ; Port A Depth ; Port A Width ; Port B Depth ; Port B Width ; Size ; MIF  ;
+---------------------------------------------------------------------------------------------------------+------------+------------------+--------------+--------------+--------------+--------------+------+------+
; dataPathUnit:path|RAM8x16:ram|altsyncram:altsyncram_component|altsyncram_vfv1:auto_generated|ALTSYNCRAM ; M10K block ; Simple Dual Port ; 16           ; 8            ; 16           ; 8            ; 128  ; None ;
+---------------------------------------------------------------------------------------------------------+------------+------------------+--------------+--------------+--------------+--------------+------+------+


+-------------------------------------------------------------------------------------------+
; Registers Removed During Synthesis                                                        ;
+--------------------------------------------------+----------------------------------------+
; Register name                                    ; Reason for Removal                     ;
+--------------------------------------------------+----------------------------------------+
; controlUnit:controls|ps[2..31]                   ; Stuck at GND due to stuck port data_in ;
; clock_divider:clockDivide|divided_clocks[26..31] ; Lost fanout                            ;
; Total Number of Removed Registers = 36           ;                                        ;
+--------------------------------------------------+----------------------------------------+


+------------------------------------------------------+
; General Register Statistics                          ;
+----------------------------------------------+-------+
; Statistic                                    ; Value ;
+----------------------------------------------+-------+
; Total registers                              ; 112   ;
; Number of registers using Synchronous Clear  ; 0     ;
; Number of registers using Synchronous Load   ; 20    ;
; Number of registers using Asynchronous Clear ; 0     ;
; Number of registers using Asynchronous Load  ; 0     ;
; Number of registers using Clock Enable       ; 9     ;
; Number of registers using Preset             ; 0     ;
+----------------------------------------------+-------+


+----------------------------------------------------------------------------------------------------------------------------------------------------------+
; Multiplexer Restructuring Statistics (Restructuring Performed)                                                                                           ;
+--------------------+-----------+---------------+----------------------+------------------------+------------+--------------------------------------------+
; Multiplexer Inputs ; Bus Width ; Baseline Area ; Area if Restructured ; Saving if Restructured ; Registered ; Example Multiplexer Output                 ;
+--------------------+-----------+---------------+----------------------+------------------------+------------+--------------------------------------------+
; 3:1                ; 10 bits   ; 20 LEs        ; 10 LEs               ; 10 LEs                 ; Yes        ; |DE1_SoC|dataPathUnit:path|hexout4[3]      ;
; 3:1                ; 4 bits    ; 8 LEs         ; 8 LEs                ; 0 LEs                  ; Yes        ; |DE1_SoC|dataPathUnit:path|hexout3[0]      ;
; 3:1                ; 4 bits    ; 8 LEs         ; 4 LEs                ; 4 LEs                  ; Yes        ; |DE1_SoC|carIncrCounter:incrCounter|out[0] ;
; 3:1                ; 4 bits    ; 8 LEs         ; 4 LEs                ; 4 LEs                  ; Yes        ; |DE1_SoC|hourCount:timeCounter|out[3]      ;
; 4:1                ; 3 bits    ; 6 LEs         ; 6 LEs                ; 0 LEs                  ; Yes        ; |DE1_SoC|addrIter:addrIterator|out[2]      ;
; 5:1                ; 2 bits    ; 6 LEs         ; 4 LEs                ; 2 LEs                  ; Yes        ; |DE1_SoC|carCount:counter|out[1]           ;
+--------------------+-----------+---------------+----------------------+------------------------+------------+--------------------------------------------+


+---------------------------------------------------------------------------------------------------------------------+
; Source assignments for dataPathUnit:path|RAM8x16:ram|altsyncram:altsyncram_component|altsyncram_vfv1:auto_generated ;
+---------------------------------+--------------------+------+-------------------------------------------------------+
; Assignment                      ; Value              ; From ; To                                                    ;
+---------------------------------+--------------------+------+-------------------------------------------------------+
; OPTIMIZE_POWER_DURING_SYNTHESIS ; NORMAL_COMPILATION ; -    ; -                                                     ;
+---------------------------------+--------------------+------+-------------------------------------------------------+


+---------------------------------------------------------------+
; Parameter Settings for User Entity Instance: carCount:counter ;
+----------------+-------+--------------------------------------+
; Parameter Name ; Value ; Type                                 ;
+----------------+-------+--------------------------------------+
; MAX            ; 3     ; Signed Integer                       ;
+----------------+-------+--------------------------------------+
Note: In order to hide this table in the UI and the text report file, please set the "Show Parameter Settings in Synthesis Report" option in "Analysis and Synthesis Settings -> More Settings" to "Off".


+------------------------------------------------------------------------------------------------------------+
; Parameter Settings for User Entity Instance: dataPathUnit:path|RAM8x16:ram|altsyncram:altsyncram_component ;
+------------------------------------+----------------------+------------------------------------------------+
; Parameter Name                     ; Value                ; Type                                           ;
+------------------------------------+----------------------+------------------------------------------------+
; BYTE_SIZE_BLOCK                    ; 8                    ; Untyped                                        ;
; AUTO_CARRY_CHAINS                  ; ON                   ; AUTO_CARRY                                     ;
; IGNORE_CARRY_BUFFERS               ; OFF                  ; IGNORE_CARRY                                   ;
; AUTO_CASCADE_CHAINS                ; ON                   ; AUTO_CASCADE                                   ;
; IGNORE_CASCADE_BUFFERS             ; OFF                  ; IGNORE_CASCADE                                 ;
; WIDTH_BYTEENA                      ; 1                    ; Untyped                                        ;
; OPERATION_MODE                     ; DUAL_PORT            ; Untyped                                        ;
; WIDTH_A                            ; 8                    ; Signed Integer                                 ;
; WIDTHAD_A                          ; 4                    ; Signed Integer                                 ;
; NUMWORDS_A                         ; 16                   ; Signed Integer                                 ;
; OUTDATA_REG_A                      ; UNREGISTERED         ; Untyped                                        ;
; ADDRESS_ACLR_A                     ; NONE                 ; Untyped                                        ;
; OUTDATA_ACLR_A                     ; NONE                 ; Untyped                                        ;
; WRCONTROL_ACLR_A                   ; NONE                 ; Untyped                                        ;
; INDATA_ACLR_A                      ; NONE                 ; Untyped                                        ;
; BYTEENA_ACLR_A                     ; NONE                 ; Untyped                                        ;
; WIDTH_B                            ; 8                    ; Signed Integer                                 ;
; WIDTHAD_B                          ; 4                    ; Signed Integer                                 ;
; NUMWORDS_B                         ; 16                   ; Signed Integer                                 ;
; INDATA_REG_B                       ; CLOCK1               ; Untyped                                        ;
; WRCONTROL_WRADDRESS_REG_B          ; CLOCK1               ; Untyped                                        ;
; RDCONTROL_REG_B                    ; CLOCK1               ; Untyped                                        ;
; ADDRESS_REG_B                      ; CLOCK0               ; Untyped                                        ;
; OUTDATA_REG_B                      ; CLOCK0               ; Untyped                                        ;
; BYTEENA_REG_B                      ; CLOCK1               ; Untyped                                        ;
; INDATA_ACLR_B                      ; NONE                 ; Untyped                                        ;
; WRCONTROL_ACLR_B                   ; NONE                 ; Untyped                                        ;
; ADDRESS_ACLR_B                     ; NONE                 ; Untyped                                        ;
; OUTDATA_ACLR_B                     ; NONE                 ; Untyped                                        ;
; RDCONTROL_ACLR_B                   ; NONE                 ; Untyped                                        ;
; BYTEENA_ACLR_B                     ; NONE                 ; Untyped                                        ;
; WIDTH_BYTEENA_A                    ; 1                    ; Signed Integer                                 ;
; WIDTH_BYTEENA_B                    ; 1                    ; Untyped                                        ;
; RAM_BLOCK_TYPE                     ; M10K                 ; Untyped                                        ;
; BYTE_SIZE                          ; 8                    ; Untyped                                        ;
; READ_DURING_WRITE_MODE_MIXED_PORTS ; DONT_CARE            ; Untyped                                        ;
; READ_DURING_WRITE_MODE_PORT_A      ; NEW_DATA_NO_NBE_READ ; Untyped                                        ;
; READ_DURING_WRITE_MODE_PORT_B      ; NEW_DATA_NO_NBE_READ ; Untyped                                        ;
; INIT_FILE                          ; UNUSED               ; Untyped                                        ;
; INIT_FILE_LAYOUT                   ; PORT_A               ; Untyped                                        ;
; MAXIMUM_DEPTH                      ; 0                    ; Untyped                                        ;
; CLOCK_ENABLE_INPUT_A               ; BYPASS               ; Untyped                                        ;
; CLOCK_ENABLE_INPUT_B               ; BYPASS               ; Untyped                                        ;
; CLOCK_ENABLE_OUTPUT_A              ; NORMAL               ; Untyped                                        ;
; CLOCK_ENABLE_OUTPUT_B              ; BYPASS               ; Untyped                                        ;
; CLOCK_ENABLE_CORE_A                ; USE_INPUT_CLKEN      ; Untyped                                        ;
; CLOCK_ENABLE_CORE_B                ; USE_INPUT_CLKEN      ; Untyped                                        ;
; ENABLE_ECC                         ; FALSE                ; Untyped                                        ;
; ECC_PIPELINE_STAGE_ENABLED         ; FALSE                ; Untyped                                        ;
; WIDTH_ECCSTATUS                    ; 3                    ; Untyped                                        ;
; DEVICE_FAMILY                      ; Cyclone V            ; Untyped                                        ;
; CBXI_PARAMETER                     ; altsyncram_vfv1      ; Untyped                                        ;
+------------------------------------+----------------------+------------------------------------------------+
Note: In order to hide this table in the UI and the text report file, please set the "Show Parameter Settings in Synthesis Report" option in "Analysis and Synthesis Settings -> More Settings" to "Off".


+-----------------------------------------------------------------------------------------------------------+
; altsyncram Parameter Settings by Entity Instance                                                          ;
+-------------------------------------------+---------------------------------------------------------------+
; Name                                      ; Value                                                         ;
+-------------------------------------------+---------------------------------------------------------------+
; Number of entity instances                ; 1                                                             ;
; Entity Instance                           ; dataPathUnit:path|RAM8x16:ram|altsyncram:altsyncram_component ;
;     -- OPERATION_MODE                     ; DUAL_PORT                                                     ;
;     -- WIDTH_A                            ; 8                                                             ;
;     -- NUMWORDS_A                         ; 16                                                            ;
;     -- OUTDATA_REG_A                      ; UNREGISTERED                                                  ;
;     -- WIDTH_B                            ; 8                                                             ;
;     -- NUMWORDS_B                         ; 16                                                            ;
;     -- ADDRESS_REG_B                      ; CLOCK0                                                        ;
;     -- OUTDATA_REG_B                      ; CLOCK0                                                        ;
;     -- RAM_BLOCK_TYPE                     ; M10K                                                          ;
;     -- READ_DURING_WRITE_MODE_MIXED_PORTS ; DONT_CARE                                                     ;
+-------------------------------------------+---------------------------------------------------------------+


+----------------------------------------------------------------------------------------------------------------------------------+
; Port Connectivity Checks: "clock_divider:clockDivide"                                                                            ;
+------------------------+--------+----------+-------------------------------------------------------------------------------------+
; Port                   ; Type   ; Severity ; Details                                                                             ;
+------------------------+--------+----------+-------------------------------------------------------------------------------------+
; divided_clocks[31..26] ; Output ; Info     ; Connected to dangling logic. Logic that only feeds a dangling port will be removed. ;
; divided_clocks[24..0]  ; Output ; Info     ; Connected to dangling logic. Logic that only feeds a dangling port will be removed. ;
+------------------------+--------+----------+-------------------------------------------------------------------------------------+


+-----------------------------------------------------+
; Post-Synthesis Netlist Statistics for Top Partition ;
+-----------------------+-----------------------------+
; Type                  ; Count                       ;
+-----------------------+-----------------------------+
; arriav_ff             ; 112                         ;
;     ENA               ; 9                           ;
;     SLD               ; 20                          ;
;     plain             ; 83                          ;
; arriav_io_obuf        ; 13                          ;
; arriav_lcell_comb     ; 111                         ;
;     arith             ; 25                          ;
;         1 data inputs ; 24                          ;
;         2 data inputs ; 1                           ;
;     normal            ; 86                          ;
;         0 data inputs ; 1                           ;
;         1 data inputs ; 2                           ;
;         2 data inputs ; 12                          ;
;         3 data inputs ; 12                          ;
;         4 data inputs ; 41                          ;
;         5 data inputs ; 10                          ;
;         6 data inputs ; 8                           ;
; boundary_port         ; 80                          ;
; stratixv_ram_block    ; 8                           ;
;                       ;                             ;
; Max LUT depth         ; 3.40                        ;
; Average LUT depth     ; 1.28                        ;
+-----------------------+-----------------------------+


+-------------------------------+
; Elapsed Time Per Partition    ;
+----------------+--------------+
; Partition Name ; Elapsed Time ;
+----------------+--------------+
; Top            ; 00:00:00     ;
+----------------+--------------+


+-------------------------------+
; Analysis & Synthesis Messages ;
+-------------------------------+
Info: *******************************************************************
Info: Running Quartus Prime Analysis & Synthesis
    Info: Version 17.0.0 Build 595 04/25/2017 SJ Lite Edition
    Info: Processing started: Mon Mar 13 19:47:16 2023
Info: Command: quartus_map --read_settings_files=on --write_settings_files=off DE1_SoC -c DE1_SoC
Warning (18236): Number of processors has not been specified which may cause overloading on shared machines.  Set the global assignment NUM_PARALLEL_PROCESSORS in your QSF to an appropriate value for best performance.
Info (20030): Parallel compilation is enabled and will use 16 of the 16 processors detected
Info (12021): Found 1 design units, including 1 entities, in source file ram8x16.v
    Info (12023): Found entity 1: RAM8x16 File: C:/Users/egeen/Desktop/School/EE 371/Labs/Lab 6/task2/RAM8x16.v Line: 40
Info (12021): Found 2 design units, including 2 entities, in source file hourcount.sv
    Info (12023): Found entity 1: hourCount File: C:/Users/egeen/Desktop/School/EE 371/Labs/Lab 6/task2/hourCount.sv Line: 10
    Info (12023): Found entity 2: hourCount_testbench File: C:/Users/egeen/Desktop/School/EE 371/Labs/Lab 6/task2/hourCount.sv Line: 30
Info (12021): Found 2 design units, including 2 entities, in source file de1_soc.sv
    Info (12023): Found entity 1: DE1_SoC File: C:/Users/egeen/Desktop/School/EE 371/Labs/Lab 6/task2/DE1_SoC.sv Line: 10
    Info (12023): Found entity 2: DE1_SoC_testbench File: C:/Users/egeen/Desktop/School/EE 371/Labs/Lab 6/task2/DE1_SoC.sv Line: 87
Info (12021): Found 2 design units, including 2 entities, in source file datapathunit.sv
    Info (12023): Found entity 1: dataPathUnit File: C:/Users/egeen/Desktop/School/EE 371/Labs/Lab 6/task2/dataPathUnit.sv Line: 13
    Info (12023): Found entity 2: dataPathUnit_testbench File: C:/Users/egeen/Desktop/School/EE 371/Labs/Lab 6/task2/dataPathUnit.sv Line: 313
Info (12021): Found 2 design units, including 2 entities, in source file controlunit.sv
    Info (12023): Found entity 1: controlUnit File: C:/Users/egeen/Desktop/School/EE 371/Labs/Lab 6/task2/controlUnit.sv Line: 15
    Info (12023): Found entity 2: controlUnit_testbench File: C:/Users/egeen/Desktop/School/EE 371/Labs/Lab 6/task2/controlUnit.sv Line: 98
Info (12021): Found 1 design units, including 1 entities, in source file clockdivider.sv
    Info (12023): Found entity 1: clock_divider File: C:/Users/egeen/Desktop/School/EE 371/Labs/Lab 6/task2/clockdivider.sv Line: 13
Info (12021): Found 2 design units, including 2 entities, in source file carincrcounter.sv
    Info (12023): Found entity 1: carIncrCounter File: C:/Users/egeen/Desktop/School/EE 371/Labs/Lab 6/task2/carIncrCounter.sv Line: 15
    Info (12023): Found entity 2: carIncrCounter_testbench File: C:/Users/egeen/Desktop/School/EE 371/Labs/Lab 6/task2/carIncrCounter.sv Line: 43
Info (12021): Found 2 design units, including 2 entities, in source file carcount.sv
    Info (12023): Found entity 1: carCount File: C:/Users/egeen/Desktop/School/EE 371/Labs/Lab 6/task2/carCount.sv Line: 15
    Info (12023): Found entity 2: carCount_testbench File: C:/Users/egeen/Desktop/School/EE 371/Labs/Lab 6/task2/carCount.sv Line: 52
Info (12021): Found 2 design units, including 2 entities, in source file addriter.sv
    Info (12023): Found entity 1: addrIter File: C:/Users/egeen/Desktop/School/EE 371/Labs/Lab 6/task2/addrIter.sv Line: 13
    Info (12023): Found entity 2: addrIter_testbench File: C:/Users/egeen/Desktop/School/EE 371/Labs/Lab 6/task2/addrIter.sv Line: 46
Info (12127): Elaborating entity "DE1_SoC" for the top level hierarchy
Warning (10034): Output port "LEDR[6..5]" at DE1_SoC.sv(16) has no driver File: C:/Users/egeen/Desktop/School/EE 371/Labs/Lab 6/task2/DE1_SoC.sv Line: 16
Warning (10665): Bidirectional port "V_GPIO[30]" at DE1_SoC.sv(17) has a one-way connection to bidirectional port "V_GPIO[32]" File: C:/Users/egeen/Desktop/School/EE 371/Labs/Lab 6/task2/DE1_SoC.sv Line: 17
Warning (10665): Bidirectional port "V_GPIO[29]" at DE1_SoC.sv(17) has a one-way connection to bidirectional port "V_GPIO[27]" File: C:/Users/egeen/Desktop/School/EE 371/Labs/Lab 6/task2/DE1_SoC.sv Line: 17
Warning (10665): Bidirectional port "V_GPIO[28]" at DE1_SoC.sv(17) has a one-way connection to bidirectional port "V_GPIO[26]" File: C:/Users/egeen/Desktop/School/EE 371/Labs/Lab 6/task2/DE1_SoC.sv Line: 17
Warning (10665): Bidirectional port "V_GPIO[24]" at DE1_SoC.sv(17) has a one-way connection to bidirectional port "V_GPIO[33]" File: C:/Users/egeen/Desktop/School/EE 371/Labs/Lab 6/task2/DE1_SoC.sv Line: 17
Info (12128): Elaborating entity "clock_divider" for hierarchy "clock_divider:clockDivide" File: C:/Users/egeen/Desktop/School/EE 371/Labs/Lab 6/task2/DE1_SoC.sv Line: 61
Info (12128): Elaborating entity "hourCount" for hierarchy "hourCount:timeCounter" File: C:/Users/egeen/Desktop/School/EE 371/Labs/Lab 6/task2/DE1_SoC.sv Line: 65
Info (12128): Elaborating entity "carCount" for hierarchy "carCount:counter" File: C:/Users/egeen/Desktop/School/EE 371/Labs/Lab 6/task2/DE1_SoC.sv Line: 69
Info (12128): Elaborating entity "carIncrCounter" for hierarchy "carIncrCounter:incrCounter" File: C:/Users/egeen/Desktop/School/EE 371/Labs/Lab 6/task2/DE1_SoC.sv Line: 72
Info (12128): Elaborating entity "addrIter" for hierarchy "addrIter:addrIterator" File: C:/Users/egeen/Desktop/School/EE 371/Labs/Lab 6/task2/DE1_SoC.sv Line: 75
Info (12128): Elaborating entity "controlUnit" for hierarchy "controlUnit:controls" File: C:/Users/egeen/Desktop/School/EE 371/Labs/Lab 6/task2/DE1_SoC.sv Line: 78
Warning (10230): Verilog HDL assignment warning at controlUnit.sv(93): truncated value with size 4 to match size of target (1) File: C:/Users/egeen/Desktop/School/EE 371/Labs/Lab 6/task2/controlUnit.sv Line: 93
Info (12128): Elaborating entity "dataPathUnit" for hierarchy "dataPathUnit:path" File: C:/Users/egeen/Desktop/School/EE 371/Labs/Lab 6/task2/DE1_SoC.sv Line: 82
Info (12128): Elaborating entity "RAM8x16" for hierarchy "dataPathUnit:path|RAM8x16:ram" File: C:/Users/egeen/Desktop/School/EE 371/Labs/Lab 6/task2/dataPathUnit.sv Line: 306
Info (12128): Elaborating entity "altsyncram" for hierarchy "dataPathUnit:path|RAM8x16:ram|altsyncram:altsyncram_component" File: C:/Users/egeen/Desktop/School/EE 371/Labs/Lab 6/task2/RAM8x16.v Line: 89
Info (12130): Elaborated megafunction instantiation "dataPathUnit:path|RAM8x16:ram|altsyncram:altsyncram_component" File: C:/Users/egeen/Desktop/School/EE 371/Labs/Lab 6/task2/RAM8x16.v Line: 89
Info (12133): Instantiated megafunction "dataPathUnit:path|RAM8x16:ram|altsyncram:altsyncram_component" with the following parameter: File: C:/Users/egeen/Desktop/School/EE 371/Labs/Lab 6/task2/RAM8x16.v Line: 89
    Info (12134): Parameter "address_aclr_b" = "NONE"
    Info (12134): Parameter "address_reg_b" = "CLOCK0"
    Info (12134): Parameter "clock_enable_input_a" = "BYPASS"
    Info (12134): Parameter "clock_enable_input_b" = "BYPASS"
    Info (12134): Parameter "clock_enable_output_b" = "BYPASS"
    Info (12134): Parameter "intended_device_family" = "Cyclone V"
    Info (12134): Parameter "lpm_type" = "altsyncram"
    Info (12134): Parameter "numwords_a" = "16"
    Info (12134): Parameter "numwords_b" = "16"
    Info (12134): Parameter "operation_mode" = "DUAL_PORT"
    Info (12134): Parameter "outdata_aclr_b" = "NONE"
    Info (12134): Parameter "outdata_reg_b" = "CLOCK0"
    Info (12134): Parameter "power_up_uninitialized" = "FALSE"
    Info (12134): Parameter "ram_block_type" = "M10K"
    Info (12134): Parameter "read_during_write_mode_mixed_ports" = "DONT_CARE"
    Info (12134): Parameter "widthad_a" = "4"
    Info (12134): Parameter "widthad_b" = "4"
    Info (12134): Parameter "width_a" = "8"
    Info (12134): Parameter "width_b" = "8"
    Info (12134): Parameter "width_byteena_a" = "1"
Info (12021): Found 1 design units, including 1 entities, in source file db/altsyncram_vfv1.tdf
    Info (12023): Found entity 1: altsyncram_vfv1 File: C:/Users/egeen/Desktop/School/EE 371/Labs/Lab 6/task2/db/altsyncram_vfv1.tdf Line: 28
Info (12128): Elaborating entity "altsyncram_vfv1" for hierarchy "dataPathUnit:path|RAM8x16:ram|altsyncram:altsyncram_component|altsyncram_vfv1:auto_generated" File: c:/intelfpga_lite/17.0/quartus/libraries/megafunctions/altsyncram.tdf Line: 792
Warning (12010): Port "data_a" on the entity instantiation of "altsyncram_component" is connected to a signal of width 4. The formal width of the signal in the module is 8.  The extra bits will be driven by GND. File: C:/Users/egeen/Desktop/School/EE 371/Labs/Lab 6/task2/RAM8x16.v Line: 89
Warning (19016): Clock multiplexers are found and protected
    Warning (19017): Found clock multiplexer dataPathUnit:path|selectedClock File: C:/Users/egeen/Desktop/School/EE 371/Labs/Lab 6/task2/dataPathUnit.sv Line: 48
Warning (13034): The following nodes have both tri-state and non-tri-state drivers
    Warning (13035): Inserted always-enabled tri-state buffer between "V_GPIO[34]" and its non-tri-state driver. File: C:/Users/egeen/Desktop/School/EE 371/Labs/Lab 6/task2/DE1_SoC.sv Line: 17
    Warning (13035): Inserted always-enabled tri-state buffer between "V_GPIO[31]" and its non-tri-state driver. File: C:/Users/egeen/Desktop/School/EE 371/Labs/Lab 6/task2/DE1_SoC.sv Line: 17
Warning (13039): The following bidirectional pins have no drivers
    Warning (13040): bidirectional pin "V_GPIO[28]" has no driver File: C:/Users/egeen/Desktop/School/EE 371/Labs/Lab 6/task2/DE1_SoC.sv Line: 17
    Warning (13040): bidirectional pin "V_GPIO[29]" has no driver File: C:/Users/egeen/Desktop/School/EE 371/Labs/Lab 6/task2/DE1_SoC.sv Line: 17
    Warning (13040): bidirectional pin "V_GPIO[30]" has no driver File: C:/Users/egeen/Desktop/School/EE 371/Labs/Lab 6/task2/DE1_SoC.sv Line: 17
    Warning (13040): bidirectional pin "V_GPIO[23]" has no driver File: C:/Users/egeen/Desktop/School/EE 371/Labs/Lab 6/task2/DE1_SoC.sv Line: 17
    Warning (13040): bidirectional pin "V_GPIO[24]" has no driver File: C:/Users/egeen/Desktop/School/EE 371/Labs/Lab 6/task2/DE1_SoC.sv Line: 17
    Warning (13040): bidirectional pin "V_GPIO[25]" has no driver File: C:/Users/egeen/Desktop/School/EE 371/Labs/Lab 6/task2/DE1_SoC.sv Line: 17
    Warning (13040): bidirectional pin "V_GPIO[35]" has no driver File: C:/Users/egeen/Desktop/School/EE 371/Labs/Lab 6/task2/DE1_SoC.sv Line: 17
Info (13060): One or more bidirectional pins are fed by always enabled tri-state buffers
    Info (13061): Fan-out of permanently enabled tri-state buffer feeding bidirectional pin "V_GPIO[34]" is moved to its source File: C:/Users/egeen/Desktop/School/EE 371/Labs/Lab 6/task2/DE1_SoC.sv Line: 17
    Info (13061): Fan-out of permanently enabled tri-state buffer feeding bidirectional pin "V_GPIO[31]" is moved to its source File: C:/Users/egeen/Desktop/School/EE 371/Labs/Lab 6/task2/DE1_SoC.sv Line: 17
Warning (13009): TRI or OPNDRN buffers permanently enabled
    Warning (13010): Node "V_GPIO[26]~synth" File: C:/Users/egeen/Desktop/School/EE 371/Labs/Lab 6/task2/DE1_SoC.sv Line: 17
    Warning (13010): Node "V_GPIO[27]~synth" File: C:/Users/egeen/Desktop/School/EE 371/Labs/Lab 6/task2/DE1_SoC.sv Line: 17
    Warning (13010): Node "V_GPIO[31]~synth" File: C:/Users/egeen/Desktop/School/EE 371/Labs/Lab 6/task2/DE1_SoC.sv Line: 17
    Warning (13010): Node "V_GPIO[32]~synth" File: C:/Users/egeen/Desktop/School/EE 371/Labs/Lab 6/task2/DE1_SoC.sv Line: 17
    Warning (13010): Node "V_GPIO[33]~synth" File: C:/Users/egeen/Desktop/School/EE 371/Labs/Lab 6/task2/DE1_SoC.sv Line: 17
    Warning (13010): Node "V_GPIO[34]~synth" File: C:/Users/egeen/Desktop/School/EE 371/Labs/Lab 6/task2/DE1_SoC.sv Line: 17
Warning (13024): Output pins are stuck at VCC or GND
    Warning (13410): Pin "LEDR[5]" is stuck at GND File: C:/Users/egeen/Desktop/School/EE 371/Labs/Lab 6/task2/DE1_SoC.sv Line: 16
    Warning (13410): Pin "LEDR[6]" is stuck at GND File: C:/Users/egeen/Desktop/School/EE 371/Labs/Lab 6/task2/DE1_SoC.sv Line: 16
Info (286030): Timing-Driven Synthesis is running
Warning (14632): Output pin "LEDR[3]" driven by bidirectional pin "V_GPIO[23]" cannot be tri-stated File: C:/Users/egeen/Desktop/School/EE 371/Labs/Lab 6/task2/DE1_SoC.sv Line: 16
Warning (14632): Output pin "LEDR[4]" driven by bidirectional pin "V_GPIO[24]" cannot be tri-stated File: C:/Users/egeen/Desktop/School/EE 371/Labs/Lab 6/task2/DE1_SoC.sv Line: 16
Warning (14632): Output pin "LEDR[0]" driven by bidirectional pin "V_GPIO[28]" cannot be tri-stated File: C:/Users/egeen/Desktop/School/EE 371/Labs/Lab 6/task2/DE1_SoC.sv Line: 16
Warning (14632): Output pin "LEDR[1]" driven by bidirectional pin "V_GPIO[29]" cannot be tri-stated File: C:/Users/egeen/Desktop/School/EE 371/Labs/Lab 6/task2/DE1_SoC.sv Line: 16
Warning (14632): Output pin "LEDR[2]" driven by bidirectional pin "V_GPIO[30]" cannot be tri-stated File: C:/Users/egeen/Desktop/School/EE 371/Labs/Lab 6/task2/DE1_SoC.sv Line: 16
Info (17049): 6 registers lost all their fanouts during netlist optimizations.
Info (144001): Generated suppressed messages file C:/Users/egeen/Desktop/School/EE 371/Labs/Lab 6/task2/output_files/DE1_SoC.map.smsg
Info (16010): Generating hard_block partition "hard_block:auto_generated_inst"
    Info (16011): Adding 0 node(s), including 0 DDIO, 0 PLL, 0 transceiver and 0 LCELL
Warning (21074): Design contains 12 input pin(s) that do not drive logic
    Warning (15610): No output dependent on input pin "KEY[1]" File: C:/Users/egeen/Desktop/School/EE 371/Labs/Lab 6/task2/DE1_SoC.sv Line: 14
    Warning (15610): No output dependent on input pin "KEY[2]" File: C:/Users/egeen/Desktop/School/EE 371/Labs/Lab 6/task2/DE1_SoC.sv Line: 14
    Warning (15610): No output dependent on input pin "KEY[3]" File: C:/Users/egeen/Desktop/School/EE 371/Labs/Lab 6/task2/DE1_SoC.sv Line: 14
    Warning (15610): No output dependent on input pin "SW[0]" File: C:/Users/egeen/Desktop/School/EE 371/Labs/Lab 6/task2/DE1_SoC.sv Line: 15
    Warning (15610): No output dependent on input pin "SW[1]" File: C:/Users/egeen/Desktop/School/EE 371/Labs/Lab 6/task2/DE1_SoC.sv Line: 15
    Warning (15610): No output dependent on input pin "SW[2]" File: C:/Users/egeen/Desktop/School/EE 371/Labs/Lab 6/task2/DE1_SoC.sv Line: 15
    Warning (15610): No output dependent on input pin "SW[3]" File: C:/Users/egeen/Desktop/School/EE 371/Labs/Lab 6/task2/DE1_SoC.sv Line: 15
    Warning (15610): No output dependent on input pin "SW[4]" File: C:/Users/egeen/Desktop/School/EE 371/Labs/Lab 6/task2/DE1_SoC.sv Line: 15
    Warning (15610): No output dependent on input pin "SW[5]" File: C:/Users/egeen/Desktop/School/EE 371/Labs/Lab 6/task2/DE1_SoC.sv Line: 15
    Warning (15610): No output dependent on input pin "SW[6]" File: C:/Users/egeen/Desktop/School/EE 371/Labs/Lab 6/task2/DE1_SoC.sv Line: 15
    Warning (15610): No output dependent on input pin "SW[7]" File: C:/Users/egeen/Desktop/School/EE 371/Labs/Lab 6/task2/DE1_SoC.sv Line: 15
    Warning (15610): No output dependent on input pin "SW[8]" File: C:/Users/egeen/Desktop/School/EE 371/Labs/Lab 6/task2/DE1_SoC.sv Line: 15
Info (21057): Implemented 219 device resources after synthesis - the final resource count might be different
    Info (21058): Implemented 15 input pins
    Info (21059): Implemented 52 output pins
    Info (21060): Implemented 13 bidirectional pins
    Info (21061): Implemented 131 logic cells
    Info (21064): Implemented 8 RAM segments
Info: Quartus Prime Analysis & Synthesis was successful. 0 errors, 49 warnings
    Info: Peak virtual memory: 4906 megabytes
    Info: Processing ended: Mon Mar 13 19:47:24 2023
    Info: Elapsed time: 00:00:08
    Info: Total CPU time (on all processors): 00:00:06


+------------------------------------------+
; Analysis & Synthesis Suppressed Messages ;
+------------------------------------------+
The suppressed messages can be found in C:/Users/egeen/Desktop/School/EE 371/Labs/Lab 6/task2/output_files/DE1_SoC.map.smsg.


